--------- beginning of crash
10-19 17:32:12.693 E/AndroidRuntime(30914): FATAL EXCEPTION: main
10-19 17:32:12.693 E/AndroidRuntime(30914): Process: com.sencity, PID: 30914
10-19 17:32:12.693 E/AndroidRuntime(30914): java.lang.RuntimeException: Unable to start activity ComponentInfo{com.sencity/com.sencity.MainActivity}: android.content.res.Resources$NotFoundException: Drawable com.sencity:drawable/splash_black_center with resource ID #0x7f070100
10-19 17:32:12.693 E/AndroidRuntime(30914): 	at android.app.ActivityThread.performLaunchActivity(ActivityThread.java:4454)
10-19 17:32:12.693 E/AndroidRuntime(30914): 	at android.app.ActivityThread.handleLaunchActivity(ActivityThread.java:4685)
10-19 17:32:12.693 E/AndroidRuntime(30914): 	at android.app.servertransaction.LaunchActivityItem.execute(LaunchActivityItem.java:112)
10-19 17:32:12.693 E/AndroidRuntime(30914): 	at android.app.servertransaction.TransactionExecutor.executeNonLifecycleItem(TransactionExecutor.java:174)
10-19 17:32:12.693 E/AndroidRuntime(30914): 	at android.app.servertransaction.TransactionExecutor.executeTransactionItems(TransactionExecutor.java:109)
10-19 17:32:12.693 E/AndroidRuntime(30914): 	at android.app.servertransaction.TransactionExecutor.execute(TransactionExecutor.java:81)
10-19 17:32:12.693 E/AndroidRuntime(30914): 	at android.app.ActivityThread$H.handleMessage(ActivityThread.java:2895)
10-19 17:32:12.693 E/AndroidRuntime(30914): 	at android.os.Handler.dispatchMessage(Handler.java:107)
10-19 17:32:12.693 E/AndroidRuntime(30914): 	at android.os.Looper.loopOnce(Looper.java:257)
10-19 17:32:12.693 E/AndroidRuntime(30914): 	at android.os.Looper.loop(Looper.java:342)
10-19 17:32:12.693 E/AndroidRuntime(30914): 	at android.app.ActivityThread.main(ActivityThread.java:9634)
10-19 17:32:12.693 E/AndroidRuntime(30914): 	at java.lang.reflect.Method.invoke(Native Method)
10-19 17:32:12.693 E/AndroidRuntime(30914): 	at com.android.internal.os.RuntimeInit$MethodAndArgsCaller.run(RuntimeInit.java:619)
10-19 17:32:12.693 E/AndroidRuntime(30914): 	at com.android.internal.os.ZygoteInit.main(ZygoteInit.java:929)
10-19 17:32:12.693 E/AndroidRuntime(30914): Caused by: android.content.res.Resources$NotFoundException: Drawable com.sencity:drawable/splash_black_center with resource ID #0x7f070100
10-19 17:32:12.693 E/AndroidRuntime(30914): Caused by: android.content.res.Resources$NotFoundException: File res/drawable/splash_black_center.xml from drawable resource ID #0x7f070100
10-19 17:32:12.693 E/AndroidRuntime(30914): 	at android.content.res.ResourcesImpl.loadDrawableForCookie(ResourcesImpl.java:1080)
10-19 17:32:12.693 E/AndroidRuntime(30914): 	at android.content.res.ResourcesImpl.loadDrawable(ResourcesImpl.java:809)
10-19 17:32:12.693 E/AndroidRuntime(30914): 	at android.content.res.Resources.loadDrawable(Resources.java:1050)
10-19 17:32:12.693 E/AndroidRuntime(30914): 	at android.content.res.TypedArray.getDrawableForDensity(TypedArray.java:1021)
10-19 17:32:12.693 E/AndroidRuntime(30914): 	at android.content.res.TypedArray.getDrawable(TypedArray.java:995)
10-19 17:32:12.693 E/AndroidRuntime(30914): 	at com.android.internal.policy.PhoneWindow.generateLayout(PhoneWindow.java:2931)
10-19 17:32:12.693 E/AndroidRuntime(30914): 	at com.android.internal.policy.PhoneWindow.installDecor(PhoneWindow.java:3084)
10-19 17:32:12.693 E/AndroidRuntime(30914): 	at com.android.internal.policy.PhoneWindow.getDecorView(PhoneWindow.java:2324)
10-19 17:32:12.693 E/AndroidRuntime(30914): 	at androidx.core.splashscreen.SplashScreen$Impl31.install(SplashScreen.kt:428)
10-19 17:32:12.693 E/AndroidRuntime(30914): 	at androidx.core.splashscreen.SplashScreen.install(SplashScreen.kt:189)
10-19 17:32:12.693 E/AndroidRuntime(30914): 	at androidx.core.splashscreen.SplashScreen.access$install(SplashScreen.kt:121)
10-19 17:32:12.693 E/AndroidRuntime(30914): 	at androidx.core.splashscreen.SplashScreen$Companion.installSplashScreen(SplashScreen.kt:146)
10-19 17:32:12.693 E/AndroidRuntime(30914): 	at com.sencity.MainActivity.onCreate(MainActivity.kt:25)
10-19 17:32:12.693 E/AndroidRuntime(30914): 	at android.app.Activity.performCreate(Activity.java:9363)
10-19 17:32:12.693 E/AndroidRuntime(30914): 	at android.app.Activity.performCreate(Activity.java:9332)
10-19 17:32:12.693 E/AndroidRuntime(30914): 	at android.app.Instrumentation.callActivityOnCreate(Instrumentation.java:1526)
10-19 17:32:12.693 E/AndroidRuntime(30914): 	at android.app.ActivityThread.performLaunchActivity(ActivityThread.java:4436)
10-19 17:32:12.693 E/AndroidRuntime(30914): 	at android.app.ActivityThread.handleLaunchActivity(ActivityThread.java:4685)
10-19 17:32:12.693 E/AndroidRuntime(30914): 	at android.app.servertransaction.LaunchActivityItem.execute(LaunchActivityItem.java:112)
10-19 17:32:12.693 E/AndroidRuntime(30914): 	at android.app.servertransaction.TransactionExecutor.executeNonLifecycleItem(TransactionExecutor.java:174)
10-19 17:32:12.693 E/AndroidRuntime(30914): 	at android.app.servertransaction.TransactionExecutor.executeTransactionItems(TransactionExecutor.java:109)
10-19 17:32:12.693 E/AndroidRuntime(30914): 	at android.app.servertransaction.TransactionExecutor.execute(TransactionExecutor.java:81)
10-19 17:32:12.693 E/AndroidRuntime(30914): 	at android.app.ActivityThread$H.handleMessage(ActivityThread.java:2895)
10-19 17:32:12.693 E/AndroidRuntime(30914): 	at android.os.Handler.dispatchMessage(Handler.java:107)
10-19 17:32:12.693 E/AndroidRuntime(30914): 	at android.os.Looper.loopOnce(Looper.java:257)
10-19 17:32:12.693 E/AndroidRuntime(30914): 	at android.os.Looper.loop(Looper.java:342)
10-19 17:32:12.693 E/AndroidRuntime(30914): 	at android.app.ActivityThread.main(ActivityThread.java:9634)
10-19 17:32:12.693 E/AndroidRuntime(30914): 	at java.lang.reflect.Method.invoke(Native Method)
10-19 17:32:12.693 E/AndroidRuntime(30914): 	at com.android.internal.os.RuntimeInit$MethodAndArgsCaller.run(RuntimeInit.java:619)
10-19 17:32:12.693 E/AndroidRuntime(30914): 	at com.android.internal.os.ZygoteInit.main(ZygoteInit.java:929)
10-19 17:32:12.693 E/AndroidRuntime(30914): Caused by: org.xmlpull.v1.XmlPullParserException: Binary XML file line #8: <bitmap> requires a valid 'src' attribute
10-19 17:32:12.693 E/AndroidRuntime(30914): 	at android.graphics.drawable.BitmapDrawable.updateStateFromTypedArray(BitmapDrawable.java:873)
10-19 17:32:12.693 E/AndroidRuntime(30914): 	at android.graphics.drawable.BitmapDrawable.inflate(BitmapDrawable.java:794)
10-19 17:32:12.693 E/AndroidRuntime(30914): 	at android.graphics.drawable.DrawableInflater.inflateFromXmlForDensity(DrawableInflater.java:145)
10-19 17:32:12.693 E/AndroidRuntime(30914): 	at android.graphics.drawable.Drawable.createFromXmlInnerForDensity(Drawable.java:1421)
10-19 17:32:12.693 E/AndroidRuntime(30914): 	at android.graphics.drawable.Drawable.createFromXmlInner(Drawable.java:1411)
10-19 17:32:12.693 E/AndroidRuntime(30914): 	at android.graphics.drawable.LayerDrawable.inflateLayers(LayerDrawable.java:285)
10-19 17:32:12.693 E/AndroidRuntime(30914): 	at android.graphics.drawable.LayerDrawable.inflate(LayerDrawable.java:200)
10-19 17:32:12.693 E/AndroidRuntime(30914): 	at android.graphics.drawable.DrawableInflater.inflateFromXmlForDensity(DrawableInflater.java:145)
10-19 17:32:12.693 E/AndroidRuntime(30914): 	at android.graphics.drawable.Drawable.createFromXmlInnerForDensity(Drawable.java:1421)
10-19 17:32:12.693 E/AndroidRuntime(30914): 	at android.graphics.drawable.Drawable.createFromXmlForDensity(Drawable.java:1382)
10-19 17:32:12.693 E/AndroidRuntime(30914): 	at android.content.res.ResourcesImpl.loadXmlDrawable(ResourcesImpl.java:1112)
10-19 17:32:12.693 E/AndroidRuntime(30914): 	at android.content.res.ResourcesImpl.loadDrawableForCookie(ResourcesImpl.java:1041)
10-19 17:32:12.693 E/AndroidRuntime(30914): 	... 29 more
10-19 17:32:15.001 E/AndroidRuntime(31011): FATAL EXCEPTION: main
10-19 17:32:15.001 E/AndroidRuntime(31011): Process: com.sencity, PID: 31011
10-19 17:32:15.001 E/AndroidRuntime(31011): java.lang.RuntimeException: Unable to start activity ComponentInfo{com.sencity/com.sencity.MainActivity}: android.content.res.Resources$NotFoundException: Drawable com.sencity:drawable/splash_black_center with resource ID #0x7f070100
10-19 17:32:15.001 E/AndroidRuntime(31011): 	at android.app.ActivityThread.performLaunchActivity(ActivityThread.java:4454)
10-19 17:32:15.001 E/AndroidRuntime(31011): 	at android.app.ActivityThread.handleLaunchActivity(ActivityThread.java:4685)
10-19 17:32:15.001 E/AndroidRuntime(31011): 	at android.app.servertransaction.LaunchActivityItem.execute(LaunchActivityItem.java:112)
10-19 17:32:15.001 E/AndroidRuntime(31011): 	at android.app.servertransaction.TransactionExecutor.executeNonLifecycleItem(TransactionExecutor.java:174)
10-19 17:32:15.001 E/AndroidRuntime(31011): 	at android.app.servertransaction.TransactionExecutor.executeTransactionItems(TransactionExecutor.java:109)
10-19 17:32:15.001 E/AndroidRuntime(31011): 	at android.app.servertransaction.TransactionExecutor.execute(TransactionExecutor.java:81)
10-19 17:32:15.001 E/AndroidRuntime(31011): 	at android.app.ActivityThread$H.handleMessage(ActivityThread.java:2895)
10-19 17:32:15.001 E/AndroidRuntime(31011): 	at android.os.Handler.dispatchMessage(Handler.java:107)
10-19 17:32:15.001 E/AndroidRuntime(31011): 	at android.os.Looper.loopOnce(Looper.java:257)
10-19 17:32:15.001 E/AndroidRuntime(31011): 	at android.os.Looper.loop(Looper.java:342)
10-19 17:32:15.001 E/AndroidRuntime(31011): 	at android.app.ActivityThread.main(ActivityThread.java:9634)
10-19 17:32:15.001 E/AndroidRuntime(31011): 	at java.lang.reflect.Method.invoke(Native Method)
10-19 17:32:15.001 E/AndroidRuntime(31011): 	at com.android.internal.os.RuntimeInit$MethodAndArgsCaller.run(RuntimeInit.java:619)
10-19 17:32:15.001 E/AndroidRuntime(31011): 	at com.android.internal.os.ZygoteInit.main(ZygoteInit.java:929)
10-19 17:32:15.001 E/AndroidRuntime(31011): Caused by: android.content.res.Resources$NotFoundException: Drawable com.sencity:drawable/splash_black_center with resource ID #0x7f070100
10-19 17:32:15.001 E/AndroidRuntime(31011): Caused by: android.content.res.Resources$NotFoundException: File res/drawable/splash_black_center.xml from drawable resource ID #0x7f070100
10-19 17:32:15.001 E/AndroidRuntime(31011): 	at android.content.res.ResourcesImpl.loadDrawableForCookie(ResourcesImpl.java:1080)
10-19 17:32:15.001 E/AndroidRuntime(31011): 	at android.content.res.ResourcesImpl.loadDrawable(ResourcesImpl.java:809)
10-19 17:32:15.001 E/AndroidRuntime(31011): 	at android.content.res.Resources.loadDrawable(Resources.java:1050)
10-19 17:32:15.001 E/AndroidRuntime(31011): 	at android.content.res.TypedArray.getDrawableForDensity(TypedArray.java:1021)
10-19 17:32:15.001 E/AndroidRuntime(31011): 	at android.content.res.TypedArray.getDrawable(TypedArray.java:995)
10-19 17:32:15.001 E/AndroidRuntime(31011): 	at com.android.internal.policy.PhoneWindow.generateLayout(PhoneWindow.java:2931)
10-19 17:32:15.001 E/AndroidRuntime(31011): 	at com.android.internal.policy.PhoneWindow.installDecor(PhoneWindow.java:3084)
10-19 17:32:15.001 E/AndroidRuntime(31011): 	at com.android.internal.policy.PhoneWindow.getDecorView(PhoneWindow.java:2324)
10-19 17:32:15.001 E/AndroidRuntime(31011): 	at androidx.core.splashscreen.SplashScreen$Impl31.install(SplashScreen.kt:428)
10-19 17:32:15.001 E/AndroidRuntime(31011): 	at androidx.core.splashscreen.SplashScreen.install(SplashScreen.kt:189)
10-19 17:32:15.001 E/AndroidRuntime(31011): 	at androidx.core.splashscreen.SplashScreen.access$install(SplashScreen.kt:121)
10-19 17:32:15.001 E/AndroidRuntime(31011): 	at androidx.core.splashscreen.SplashScreen$Companion.installSplashScreen(SplashScreen.kt:146)
10-19 17:32:15.001 E/AndroidRuntime(31011): 	at com.sencity.MainActivity.onCreate(MainActivity.kt:25)
10-19 17:32:15.001 E/AndroidRuntime(31011): 	at android.app.Activity.performCreate(Activity.java:9363)
10-19 17:32:15.001 E/AndroidRuntime(31011): 	at android.app.Activity.performCreate(Activity.java:9332)
10-19 17:32:15.001 E/AndroidRuntime(31011): 	at android.app.Instrumentation.callActivityOnCreate(Instrumentation.java:1526)
10-19 17:32:15.001 E/AndroidRuntime(31011): 	at android.app.ActivityThread.performLaunchActivity(ActivityThread.java:4436)
10-19 17:32:15.001 E/AndroidRuntime(31011): 	at android.app.ActivityThread.handleLaunchActivity(ActivityThread.java:4685)
10-19 17:32:15.001 E/AndroidRuntime(31011): 	at android.app.servertransaction.LaunchActivityItem.execute(LaunchActivityItem.java:112)
10-19 17:32:15.001 E/AndroidRuntime(31011): 	at android.app.servertransaction.TransactionExecutor.executeNonLifecycleItem(TransactionExecutor.java:174)
10-19 17:32:15.001 E/AndroidRuntime(31011): 	at android.app.servertransaction.TransactionExecutor.executeTransactionItems(TransactionExecutor.java:109)
10-19 17:32:15.001 E/AndroidRuntime(31011): 	at android.app.servertransaction.TransactionExecutor.execute(TransactionExecutor.java:81)
10-19 17:32:15.001 E/AndroidRuntime(31011): 	at android.app.ActivityThread$H.handleMessage(ActivityThread.java:2895)
10-19 17:32:15.001 E/AndroidRuntime(31011): 	at android.os.Handler.dispatchMessage(Handler.java:107)
10-19 17:32:15.001 E/AndroidRuntime(31011): 	at android.os.Looper.loopOnce(Looper.java:257)
10-19 17:32:15.001 E/AndroidRuntime(31011): 	at android.os.Looper.loop(Looper.java:342)
10-19 17:32:15.001 E/AndroidRuntime(31011): 	at android.app.ActivityThread.main(ActivityThread.java:9634)
10-19 17:32:15.001 E/AndroidRuntime(31011): 	at java.lang.reflect.Method.invoke(Native Method)
10-19 17:32:15.001 E/AndroidRuntime(31011): 	at com.android.internal.os.RuntimeInit$MethodAndArgsCaller.run(RuntimeInit.java:619)
10-19 17:32:15.001 E/AndroidRuntime(31011): 	at com.android.internal.os.ZygoteInit.main(ZygoteInit.java:929)
10-19 17:32:15.001 E/AndroidRuntime(31011): Caused by: org.xmlpull.v1.XmlPullParserException: Binary XML file line #8: <bitmap> requires a valid 'src' attribute
10-19 17:32:15.001 E/AndroidRuntime(31011): 	at android.graphics.drawable.BitmapDrawable.updateStateFromTypedArray(BitmapDrawable.java:873)
10-19 17:32:15.001 E/AndroidRuntime(31011): 	at android.graphics.drawable.BitmapDrawable.inflate(BitmapDrawable.java:794)
10-19 17:32:15.001 E/AndroidRuntime(31011): 	at android.graphics.drawable.DrawableInflater.inflateFromXmlForDensity(DrawableInflater.java:145)
10-19 17:32:15.001 E/AndroidRuntime(31011): 	at android.graphics.drawable.Drawable.createFromXmlInnerForDensity(Drawable.java:1421)
10-19 17:32:15.001 E/AndroidRuntime(31011): 	at android.graphics.drawable.Drawable.createFromXmlInner(Drawable.java:1411)
10-19 17:32:15.001 E/AndroidRuntime(31011): 	at android.graphics.drawable.LayerDrawable.inflateLayers(LayerDrawable.java:285)
10-19 17:32:15.001 E/AndroidRuntime(31011): 	at android.graphics.drawable.LayerDrawable.inflate(LayerDrawable.java:200)
10-19 17:32:15.001 E/AndroidRuntime(31011): 	at android.graphics.drawable.DrawableInflater.inflateFromXmlForDensity(DrawableInflater.java:145)
10-19 17:32:15.001 E/AndroidRuntime(31011): 	at android.graphics.drawable.Drawable.createFromXmlInnerForDensity(Drawable.java:1421)
10-19 17:32:15.001 E/AndroidRuntime(31011): 	at android.graphics.drawable.Drawable.createFromXmlForDensity(Drawable.java:1382)
10-19 17:32:15.001 E/AndroidRuntime(31011): 	at android.content.res.ResourcesImpl.loadXmlDrawable(ResourcesImpl.java:1112)
10-19 17:32:15.001 E/AndroidRuntime(31011): 	at android.content.res.ResourcesImpl.loadDrawableForCookie(ResourcesImpl.java:1041)
10-19 17:32:15.001 E/AndroidRuntime(31011): 	... 29 more
10-19 17:32:16.337 E/AndroidRuntime(31073): FATAL EXCEPTION: main
10-19 17:32:16.337 E/AndroidRuntime(31073): Process: com.sencity, PID: 31073
10-19 17:32:16.337 E/AndroidRuntime(31073): java.lang.RuntimeException: Unable to start activity ComponentInfo{com.sencity/com.sencity.MainActivity}: android.content.res.Resources$NotFoundException: Drawable com.sencity:drawable/splash_black_center with resource ID #0x7f070100
10-19 17:32:16.337 E/AndroidRuntime(31073): 	at android.app.ActivityThread.performLaunchActivity(ActivityThread.java:4454)
10-19 17:32:16.337 E/AndroidRuntime(31073): 	at android.app.ActivityThread.handleLaunchActivity(ActivityThread.java:4685)
10-19 17:32:16.337 E/AndroidRuntime(31073): 	at android.app.servertransaction.LaunchActivityItem.execute(LaunchActivityItem.java:112)
10-19 17:32:16.337 E/AndroidRuntime(31073): 	at android.app.servertransaction.TransactionExecutor.executeNonLifecycleItem(TransactionExecutor.java:174)
10-19 17:32:16.337 E/AndroidRuntime(31073): 	at android.app.servertransaction.TransactionExecutor.executeTransactionItems(TransactionExecutor.java:109)
10-19 17:32:16.337 E/AndroidRuntime(31073): 	at android.app.servertransaction.TransactionExecutor.execute(TransactionExecutor.java:81)
10-19 17:32:16.337 E/AndroidRuntime(31073): 	at android.app.ActivityThread$H.handleMessage(ActivityThread.java:2895)
10-19 17:32:16.337 E/AndroidRuntime(31073): 	at android.os.Handler.dispatchMessage(Handler.java:107)
10-19 17:32:16.337 E/AndroidRuntime(31073): 	at android.os.Looper.loopOnce(Looper.java:257)
10-19 17:32:16.337 E/AndroidRuntime(31073): 	at android.os.Looper.loop(Looper.java:342)
10-19 17:32:16.337 E/AndroidRuntime(31073): 	at android.app.ActivityThread.main(ActivityThread.java:9634)
10-19 17:32:16.337 E/AndroidRuntime(31073): 	at java.lang.reflect.Method.invoke(Native Method)
10-19 17:32:16.337 E/AndroidRuntime(31073): 	at com.android.internal.os.RuntimeInit$MethodAndArgsCaller.run(RuntimeInit.java:619)
10-19 17:32:16.337 E/AndroidRuntime(31073): 	at com.android.internal.os.ZygoteInit.main(ZygoteInit.java:929)
10-19 17:32:16.337 E/AndroidRuntime(31073): Caused by: android.content.res.Resources$NotFoundException: Drawable com.sencity:drawable/splash_black_center with resource ID #0x7f070100
10-19 17:32:16.337 E/AndroidRuntime(31073): Caused by: android.content.res.Resources$NotFoundException: File res/drawable/splash_black_center.xml from drawable resource ID #0x7f070100
10-19 17:32:16.337 E/AndroidRuntime(31073): 	at android.content.res.ResourcesImpl.loadDrawableForCookie(ResourcesImpl.java:1080)
10-19 17:32:16.337 E/AndroidRuntime(31073): 	at android.content.res.ResourcesImpl.loadDrawable(ResourcesImpl.java:809)
10-19 17:32:16.337 E/AndroidRuntime(31073): 	at android.content.res.Resources.loadDrawable(Resources.java:1050)
10-19 17:32:16.337 E/AndroidRuntime(31073): 	at android.content.res.TypedArray.getDrawableForDensity(TypedArray.java:1021)
10-19 17:32:16.337 E/AndroidRuntime(31073): 	at android.content.res.TypedArray.getDrawable(TypedArray.java:995)
10-19 17:32:16.337 E/AndroidRuntime(31073): 	at com.android.internal.policy.PhoneWindow.generateLayout(PhoneWindow.java:2931)
10-19 17:32:16.337 E/AndroidRuntime(31073): 	at com.android.internal.policy.PhoneWindow.installDecor(PhoneWindow.java:3084)
10-19 17:32:16.337 E/AndroidRuntime(31073): 	at com.android.internal.policy.PhoneWindow.getDecorView(PhoneWindow.java:2324)
10-19 17:32:16.337 E/AndroidRuntime(31073): 	at androidx.core.splashscreen.SplashScreen$Impl31.install(SplashScreen.kt:428)
10-19 17:32:16.337 E/AndroidRuntime(31073): 	at androidx.core.splashscreen.SplashScreen.install(SplashScreen.kt:189)
10-19 17:32:16.337 E/AndroidRuntime(31073): 	at androidx.core.splashscreen.SplashScreen.access$install(SplashScreen.kt:121)
10-19 17:32:16.337 E/AndroidRuntime(31073): 	at androidx.core.splashscreen.SplashScreen$Companion.installSplashScreen(SplashScreen.kt:146)
10-19 17:32:16.337 E/AndroidRuntime(31073): 	at com.sencity.MainActivity.onCreate(MainActivity.kt:25)
10-19 17:32:16.337 E/AndroidRuntime(31073): 	at android.app.Activity.performCreate(Activity.java:9363)
10-19 17:32:16.337 E/AndroidRuntime(31073): 	at android.app.Activity.performCreate(Activity.java:9332)
10-19 17:32:16.337 E/AndroidRuntime(31073): 	at android.app.Instrumentation.callActivityOnCreate(Instrumentation.java:1526)
10-19 17:32:16.337 E/AndroidRuntime(31073): 	at android.app.ActivityThread.performLaunchActivity(ActivityThread.java:4436)
10-19 17:32:16.337 E/AndroidRuntime(31073): 	at android.app.ActivityThread.handleLaunchActivity(ActivityThread.java:4685)
10-19 17:32:16.337 E/AndroidRuntime(31073): 	at android.app.servertransaction.LaunchActivityItem.execute(LaunchActivityItem.java:112)
10-19 17:32:16.337 E/AndroidRuntime(31073): 	at android.app.servertransaction.TransactionExecutor.executeNonLifecycleItem(TransactionExecutor.java:174)
10-19 17:32:16.337 E/AndroidRuntime(31073): 	at android.app.servertransaction.TransactionExecutor.executeTransactionItems(TransactionExecutor.java:109)
10-19 17:32:16.337 E/AndroidRuntime(31073): 	at android.app.servertransaction.TransactionExecutor.execute(TransactionExecutor.java:81)
10-19 17:32:16.337 E/AndroidRuntime(31073): 	at android.app.ActivityThread$H.handleMessage(ActivityThread.java:2895)
10-19 17:32:16.337 E/AndroidRuntime(31073): 	at android.os.Handler.dispatchMessage(Handler.java:107)
10-19 17:32:16.337 E/AndroidRuntime(31073): 	at android.os.Looper.loopOnce(Looper.java:257)
10-19 17:32:16.337 E/AndroidRuntime(31073): 	at android.os.Looper.loop(Looper.java:342)
10-19 17:32:16.337 E/AndroidRuntime(31073): 	at android.app.ActivityThread.main(ActivityThread.java:9634)
10-19 17:32:16.337 E/AndroidRuntime(31073): 	at java.lang.reflect.Method.invoke(Native Method)
10-19 17:32:16.337 E/AndroidRuntime(31073): 	at com.android.internal.os.RuntimeInit$MethodAndArgsCaller.run(RuntimeInit.java:619)
10-19 17:32:16.337 E/AndroidRuntime(31073): 	at com.android.internal.os.ZygoteInit.main(ZygoteInit.java:929)
10-19 17:32:16.337 E/AndroidRuntime(31073): Caused by: org.xmlpull.v1.XmlPullParserException: Binary XML file line #8: <bitmap> requires a valid 'src' attribute
10-19 17:32:16.337 E/AndroidRuntime(31073): 	at android.graphics.drawable.BitmapDrawable.updateStateFromTypedArray(BitmapDrawable.java:873)
10-19 17:32:16.337 E/AndroidRuntime(31073): 	at android.graphics.drawable.BitmapDrawable.inflate(BitmapDrawable.java:794)
10-19 17:32:16.337 E/AndroidRuntime(31073): 	at android.graphics.drawable.DrawableInflater.inflateFromXmlForDensity(DrawableInflater.java:145)
10-19 17:32:16.337 E/AndroidRuntime(31073): 	at android.graphics.drawable.Drawable.createFromXmlInnerForDensity(Drawable.java:1421)
10-19 17:32:16.337 E/AndroidRuntime(31073): 	at android.graphics.drawable.Drawable.createFromXmlInner(Drawable.java:1411)
10-19 17:32:16.337 E/AndroidRuntime(31073): 	at android.graphics.drawable.LayerDrawable.inflateLayers(LayerDrawable.java:285)
10-19 17:32:16.337 E/AndroidRuntime(31073): 	at android.graphics.drawable.LayerDrawable.inflate(LayerDrawable.java:200)
10-19 17:32:16.337 E/AndroidRuntime(31073): 	at android.graphics.drawable.DrawableInflater.inflateFromXmlForDensity(DrawableInflater.java:145)
10-19 17:32:16.337 E/AndroidRuntime(31073): 	at android.graphics.drawable.Drawable.createFromXmlInnerForDensity(Drawable.java:1421)
10-19 17:32:16.337 E/AndroidRuntime(31073): 	at android.graphics.drawable.Drawable.createFromXmlForDensity(Drawable.java:1382)
10-19 17:32:16.337 E/AndroidRuntime(31073): 	at android.content.res.ResourcesImpl.loadXmlDrawable(ResourcesImpl.java:1112)
10-19 17:32:16.337 E/AndroidRuntime(31073): 	at android.content.res.ResourcesImpl.loadDrawableForCookie(ResourcesImpl.java:1041)
10-19 17:32:16.337 E/AndroidRuntime(31073): 	... 29 more
10-19 17:32:17.394 E/AndroidRuntime(31128): FATAL EXCEPTION: main
10-19 17:32:17.394 E/AndroidRuntime(31128): Process: com.sencity, PID: 31128
10-19 17:32:17.394 E/AndroidRuntime(31128): java.lang.RuntimeException: Unable to start activity ComponentInfo{com.sencity/com.sencity.MainActivity}: android.content.res.Resources$NotFoundException: Drawable com.sencity:drawable/splash_black_center with resource ID #0x7f070100
10-19 17:32:17.394 E/AndroidRuntime(31128): 	at android.app.ActivityThread.performLaunchActivity(ActivityThread.java:4454)
10-19 17:32:17.394 E/AndroidRuntime(31128): 	at android.app.ActivityThread.handleLaunchActivity(ActivityThread.java:4685)
10-19 17:32:17.394 E/AndroidRuntime(31128): 	at android.app.servertransaction.LaunchActivityItem.execute(LaunchActivityItem.java:112)
10-19 17:32:17.394 E/AndroidRuntime(31128): 	at android.app.servertransaction.TransactionExecutor.executeNonLifecycleItem(TransactionExecutor.java:174)
10-19 17:32:17.394 E/AndroidRuntime(31128): 	at android.app.servertransaction.TransactionExecutor.executeTransactionItems(TransactionExecutor.java:109)
10-19 17:32:17.394 E/AndroidRuntime(31128): 	at android.app.servertransaction.TransactionExecutor.execute(TransactionExecutor.java:81)
10-19 17:32:17.394 E/AndroidRuntime(31128): 	at android.app.ActivityThread$H.handleMessage(ActivityThread.java:2895)
10-19 17:32:17.394 E/AndroidRuntime(31128): 	at android.os.Handler.dispatchMessage(Handler.java:107)
10-19 17:32:17.394 E/AndroidRuntime(31128): 	at android.os.Looper.loopOnce(Looper.java:257)
10-19 17:32:17.394 E/AndroidRuntime(31128): 	at android.os.Looper.loop(Looper.java:342)
10-19 17:32:17.394 E/AndroidRuntime(31128): 	at android.app.ActivityThread.main(ActivityThread.java:9634)
10-19 17:32:17.394 E/AndroidRuntime(31128): 	at java.lang.reflect.Method.invoke(Native Method)
10-19 17:32:17.394 E/AndroidRuntime(31128): 	at com.android.internal.os.RuntimeInit$MethodAndArgsCaller.run(RuntimeInit.java:619)
10-19 17:32:17.394 E/AndroidRuntime(31128): 	at com.android.internal.os.ZygoteInit.main(ZygoteInit.java:929)
10-19 17:32:17.394 E/AndroidRuntime(31128): Caused by: android.content.res.Resources$NotFoundException: Drawable com.sencity:drawable/splash_black_center with resource ID #0x7f070100
10-19 17:32:17.394 E/AndroidRuntime(31128): Caused by: android.content.res.Resources$NotFoundException: File res/drawable/splash_black_center.xml from drawable resource ID #0x7f070100
10-19 17:32:17.394 E/AndroidRuntime(31128): 	at android.content.res.ResourcesImpl.loadDrawableForCookie(ResourcesImpl.java:1080)
10-19 17:32:17.394 E/AndroidRuntime(31128): 	at android.content.res.ResourcesImpl.loadDrawable(ResourcesImpl.java:809)
10-19 17:32:17.394 E/AndroidRuntime(31128): 	at android.content.res.Resources.loadDrawable(Resources.java:1050)
10-19 17:32:17.394 E/AndroidRuntime(31128): 	at android.content.res.TypedArray.getDrawableForDensity(TypedArray.java:1021)
10-19 17:32:17.394 E/AndroidRuntime(31128): 	at android.content.res.TypedArray.getDrawable(TypedArray.java:995)
10-19 17:32:17.394 E/AndroidRuntime(31128): 	at com.android.internal.policy.PhoneWindow.generateLayout(PhoneWindow.java:2931)
10-19 17:32:17.394 E/AndroidRuntime(31128): 	at com.android.internal.policy.PhoneWindow.installDecor(PhoneWindow.java:3084)
10-19 17:32:17.394 E/AndroidRuntime(31128): 	at com.android.internal.policy.PhoneWindow.getDecorView(PhoneWindow.java:2324)
10-19 17:32:17.394 E/AndroidRuntime(31128): 	at androidx.core.splashscreen.SplashScreen$Impl31.install(SplashScreen.kt:428)
10-19 17:32:17.394 E/AndroidRuntime(31128): 	at androidx.core.splashscreen.SplashScreen.install(SplashScreen.kt:189)
10-19 17:32:17.394 E/AndroidRuntime(31128): 	at androidx.core.splashscreen.SplashScreen.access$install(SplashScreen.kt:121)
10-19 17:32:17.394 E/AndroidRuntime(31128): 	at androidx.core.splashscreen.SplashScreen$Companion.installSplashScreen(SplashScreen.kt:146)
10-19 17:32:17.394 E/AndroidRuntime(31128): 	at com.sencity.MainActivity.onCreate(MainActivity.kt:25)
10-19 17:32:17.394 E/AndroidRuntime(31128): 	at android.app.Activity.performCreate(Activity.java:9363)
10-19 17:32:17.394 E/AndroidRuntime(31128): 	at android.app.Activity.performCreate(Activity.java:9332)
10-19 17:32:17.394 E/AndroidRuntime(31128): 	at android.app.Instrumentation.callActivityOnCreate(Instrumentation.java:1526)
10-19 17:32:17.394 E/AndroidRuntime(31128): 	at android.app.ActivityThread.performLaunchActivity(ActivityThread.java:4436)
10-19 17:32:17.394 E/AndroidRuntime(31128): 	at android.app.ActivityThread.handleLaunchActivity(ActivityThread.java:4685)
10-19 17:32:17.394 E/AndroidRuntime(31128): 	at android.app.servertransaction.LaunchActivityItem.execute(LaunchActivityItem.java:112)
10-19 17:32:17.394 E/AndroidRuntime(31128): 	at android.app.servertransaction.TransactionExecutor.executeNonLifecycleItem(TransactionExecutor.java:174)
10-19 17:32:17.394 E/AndroidRuntime(31128): 	at android.app.servertransaction.TransactionExecutor.executeTransactionItems(TransactionExecutor.java:109)
10-19 17:32:17.394 E/AndroidRuntime(31128): 	at android.app.servertransaction.TransactionExecutor.execute(TransactionExecutor.java:81)
10-19 17:32:17.394 E/AndroidRuntime(31128): 	at android.app.ActivityThread$H.handleMessage(ActivityThread.java:2895)
10-19 17:32:17.394 E/AndroidRuntime(31128): 	at android.os.Handler.dispatchMessage(Handler.java:107)
10-19 17:32:17.394 E/AndroidRuntime(31128): 	at android.os.Looper.loopOnce(Looper.java:257)
10-19 17:32:17.394 E/AndroidRuntime(31128): 	at android.os.Looper.loop(Looper.java:342)
10-19 17:32:17.394 E/AndroidRuntime(31128): 	at android.app.ActivityThread.main(ActivityThread.java:9634)
10-19 17:32:17.394 E/AndroidRuntime(31128): 	at java.lang.reflect.Method.invoke(Native Method)
10-19 17:32:17.394 E/AndroidRuntime(31128): 	at com.android.internal.os.RuntimeInit$MethodAndArgsCaller.run(RuntimeInit.java:619)
10-19 17:32:17.394 E/AndroidRuntime(31128): 	at com.android.internal.os.ZygoteInit.main(ZygoteInit.java:929)
10-19 17:32:17.394 E/AndroidRuntime(31128): Caused by: org.xmlpull.v1.XmlPullParserException: Binary XML file line #8: <bitmap> requires a valid 'src' attribute
10-19 17:32:17.394 E/AndroidRuntime(31128): 	at android.graphics.drawable.BitmapDrawable.updateStateFromTypedArray(BitmapDrawable.java:873)
10-19 17:32:17.394 E/AndroidRuntime(31128): 	at android.graphics.drawable.BitmapDrawable.inflate(BitmapDrawable.java:794)
10-19 17:32:17.394 E/AndroidRuntime(31128): 	at android.graphics.drawable.DrawableInflater.inflateFromXmlForDensity(DrawableInflater.java:145)
10-19 17:32:17.394 E/AndroidRuntime(31128): 	at android.graphics.drawable.Drawable.createFromXmlInnerForDensity(Drawable.java:1421)
10-19 17:32:17.394 E/AndroidRuntime(31128): 	at android.graphics.drawable.Drawable.createFromXmlInner(Drawable.java:1411)
10-19 17:32:17.394 E/AndroidRuntime(31128): 	at android.graphics.drawable.LayerDrawable.inflateLayers(LayerDrawable.java:285)
10-19 17:32:17.394 E/AndroidRuntime(31128): 	at android.graphics.drawable.LayerDrawable.inflate(LayerDrawable.java:200)
10-19 17:32:17.394 E/AndroidRuntime(31128): 	at android.graphics.drawable.DrawableInflater.inflateFromXmlForDensity(DrawableInflater.java:145)
10-19 17:32:17.394 E/AndroidRuntime(31128): 	at android.graphics.drawable.Drawable.createFromXmlInnerForDensity(Drawable.java:1421)
10-19 17:32:17.394 E/AndroidRuntime(31128): 	at android.graphics.drawable.Drawable.createFromXmlForDensity(Drawable.java:1382)
10-19 17:32:17.394 E/AndroidRuntime(31128): 	at android.content.res.ResourcesImpl.loadXmlDrawable(ResourcesImpl.java:1112)
10-19 17:32:17.394 E/AndroidRuntime(31128): 	at android.content.res.ResourcesImpl.loadDrawableForCookie(ResourcesImpl.java:1041)
10-19 17:32:17.394 E/AndroidRuntime(31128): 	... 29 more
10-19 17:32:18.227 E/AndroidRuntime(31180): FATAL EXCEPTION: main
10-19 17:32:18.227 E/AndroidRuntime(31180): Process: com.sencity, PID: 31180
10-19 17:32:18.227 E/AndroidRuntime(31180): java.lang.RuntimeException: Unable to start activity ComponentInfo{com.sencity/com.sencity.MainActivity}: android.content.res.Resources$NotFoundException: Drawable com.sencity:drawable/splash_black_center with resource ID #0x7f070100
10-19 17:32:18.227 E/AndroidRuntime(31180): 	at android.app.ActivityThread.performLaunchActivity(ActivityThread.java:4454)
10-19 17:32:18.227 E/AndroidRuntime(31180): 	at android.app.ActivityThread.handleLaunchActivity(ActivityThread.java:4685)
10-19 17:32:18.227 E/AndroidRuntime(31180): 	at android.app.servertransaction.LaunchActivityItem.execute(LaunchActivityItem.java:112)
10-19 17:32:18.227 E/AndroidRuntime(31180): 	at android.app.servertransaction.TransactionExecutor.executeNonLifecycleItem(TransactionExecutor.java:174)
10-19 17:32:18.227 E/AndroidRuntime(31180): 	at android.app.servertransaction.TransactionExecutor.executeTransactionItems(TransactionExecutor.java:109)
10-19 17:32:18.227 E/AndroidRuntime(31180): 	at android.app.servertransaction.TransactionExecutor.execute(TransactionExecutor.java:81)
10-19 17:32:18.227 E/AndroidRuntime(31180): 	at android.app.ActivityThread$H.handleMessage(ActivityThread.java:2895)
10-19 17:32:18.227 E/AndroidRuntime(31180): 	at android.os.Handler.dispatchMessage(Handler.java:107)
10-19 17:32:18.227 E/AndroidRuntime(31180): 	at android.os.Looper.loopOnce(Looper.java:257)
10-19 17:32:18.227 E/AndroidRuntime(31180): 	at android.os.Looper.loop(Looper.java:342)
10-19 17:32:18.227 E/AndroidRuntime(31180): 	at android.app.ActivityThread.main(ActivityThread.java:9634)
10-19 17:32:18.227 E/AndroidRuntime(31180): 	at java.lang.reflect.Method.invoke(Native Method)
10-19 17:32:18.227 E/AndroidRuntime(31180): 	at com.android.internal.os.RuntimeInit$MethodAndArgsCaller.run(RuntimeInit.java:619)
10-19 17:32:18.227 E/AndroidRuntime(31180): 	at com.android.internal.os.ZygoteInit.main(ZygoteInit.java:929)
10-19 17:32:18.227 E/AndroidRuntime(31180): Caused by: android.content.res.Resources$NotFoundException: Drawable com.sencity:drawable/splash_black_center with resource ID #0x7f070100
10-19 17:32:18.227 E/AndroidRuntime(31180): Caused by: android.content.res.Resources$NotFoundException: File res/drawable/splash_black_center.xml from drawable resource ID #0x7f070100
10-19 17:32:18.227 E/AndroidRuntime(31180): 	at android.content.res.ResourcesImpl.loadDrawableForCookie(ResourcesImpl.java:1080)
10-19 17:32:18.227 E/AndroidRuntime(31180): 	at android.content.res.ResourcesImpl.loadDrawable(ResourcesImpl.java:809)
10-19 17:32:18.227 E/AndroidRuntime(31180): 	at android.content.res.Resources.loadDrawable(Resources.java:1050)
10-19 17:32:18.227 E/AndroidRuntime(31180): 	at android.content.res.TypedArray.getDrawableForDensity(TypedArray.java:1021)
10-19 17:32:18.227 E/AndroidRuntime(31180): 	at android.content.res.TypedArray.getDrawable(TypedArray.java:995)
10-19 17:32:18.227 E/AndroidRuntime(31180): 	at com.android.internal.policy.PhoneWindow.generateLayout(PhoneWindow.java:2931)
10-19 17:32:18.227 E/AndroidRuntime(31180): 	at com.android.internal.policy.PhoneWindow.installDecor(PhoneWindow.java:3084)
10-19 17:32:18.227 E/AndroidRuntime(31180): 	at com.android.internal.policy.PhoneWindow.getDecorView(PhoneWindow.java:2324)
10-19 17:32:18.227 E/AndroidRuntime(31180): 	at androidx.core.splashscreen.SplashScreen$Impl31.install(SplashScreen.kt:428)
10-19 17:32:18.227 E/AndroidRuntime(31180): 	at androidx.core.splashscreen.SplashScreen.install(SplashScreen.kt:189)
10-19 17:32:18.227 E/AndroidRuntime(31180): 	at androidx.core.splashscreen.SplashScreen.access$install(SplashScreen.kt:121)
10-19 17:32:18.227 E/AndroidRuntime(31180): 	at androidx.core.splashscreen.SplashScreen$Companion.installSplashScreen(SplashScreen.kt:146)
10-19 17:32:18.227 E/AndroidRuntime(31180): 	at com.sencity.MainActivity.onCreate(MainActivity.kt:25)
10-19 17:32:18.227 E/AndroidRuntime(31180): 	at android.app.Activity.performCreate(Activity.java:9363)
10-19 17:32:18.227 E/AndroidRuntime(31180): 	at android.app.Activity.performCreate(Activity.java:9332)
10-19 17:32:18.227 E/AndroidRuntime(31180): 	at android.app.Instrumentation.callActivityOnCreate(Instrumentation.java:1526)
10-19 17:32:18.227 E/AndroidRuntime(31180): 	at android.app.ActivityThread.performLaunchActivity(ActivityThread.java:4436)
10-19 17:32:18.227 E/AndroidRuntime(31180): 	at android.app.ActivityThread.handleLaunchActivity(ActivityThread.java:4685)
10-19 17:32:18.227 E/AndroidRuntime(31180): 	at android.app.servertransaction.LaunchActivityItem.execute(LaunchActivityItem.java:112)
10-19 17:32:18.227 E/AndroidRuntime(31180): 	at android.app.servertransaction.TransactionExecutor.executeNonLifecycleItem(TransactionExecutor.java:174)
10-19 17:32:18.227 E/AndroidRuntime(31180): 	at android.app.servertransaction.TransactionExecutor.executeTransactionItems(TransactionExecutor.java:109)
10-19 17:32:18.227 E/AndroidRuntime(31180): 	at android.app.servertransaction.TransactionExecutor.execute(TransactionExecutor.java:81)
10-19 17:32:18.227 E/AndroidRuntime(31180): 	at android.app.ActivityThread$H.handleMessage(ActivityThread.java:2895)
10-19 17:32:18.227 E/AndroidRuntime(31180): 	at android.os.Handler.dispatchMessage(Handler.java:107)
10-19 17:32:18.227 E/AndroidRuntime(31180): 	at android.os.Looper.loopOnce(Looper.java:257)
10-19 17:32:18.227 E/AndroidRuntime(31180): 	at android.os.Looper.loop(Looper.java:342)
10-19 17:32:18.227 E/AndroidRuntime(31180): 	at android.app.ActivityThread.main(ActivityThread.java:9634)
10-19 17:32:18.227 E/AndroidRuntime(31180): 	at java.lang.reflect.Method.invoke(Native Method)
10-19 17:32:18.227 E/AndroidRuntime(31180): 	at com.android.internal.os.RuntimeInit$MethodAndArgsCaller.run(RuntimeInit.java:619)
10-19 17:32:18.227 E/AndroidRuntime(31180): 	at com.android.internal.os.ZygoteInit.main(ZygoteInit.java:929)
10-19 17:32:18.227 E/AndroidRuntime(31180): Caused by: org.xmlpull.v1.XmlPullParserException: Binary XML file line #8: <bitmap> requires a valid 'src' attribute
10-19 17:32:18.227 E/AndroidRuntime(31180): 	at android.graphics.drawable.BitmapDrawable.updateStateFromTypedArray(BitmapDrawable.java:873)
10-19 17:32:18.227 E/AndroidRuntime(31180): 	at android.graphics.drawable.BitmapDrawable.inflate(BitmapDrawable.java:794)
10-19 17:32:18.227 E/AndroidRuntime(31180): 	at android.graphics.drawable.DrawableInflater.inflateFromXmlForDensity(DrawableInflater.java:145)
10-19 17:32:18.227 E/AndroidRuntime(31180): 	at android.graphics.drawable.Drawable.createFromXmlInnerForDensity(Drawable.java:1421)
10-19 17:32:18.227 E/AndroidRuntime(31180): 	at android.graphics.drawable.Drawable.createFromXmlInner(Drawable.java:1411)
10-19 17:32:18.227 E/AndroidRuntime(31180): 	at android.graphics.drawable.LayerDrawable.inflateLayers(LayerDrawable.java:285)
10-19 17:32:18.227 E/AndroidRuntime(31180): 	at android.graphics.drawable.LayerDrawable.inflate(LayerDrawable.java:200)
10-19 17:32:18.227 E/AndroidRuntime(31180): 	at android.graphics.drawable.DrawableInflater.inflateFromXmlForDensity(DrawableInflater.java:145)
10-19 17:32:18.227 E/AndroidRuntime(31180): 	at android.graphics.drawable.Drawable.createFromXmlInnerForDensity(Drawable.java:1421)
10-19 17:32:18.227 E/AndroidRuntime(31180): 	at android.graphics.drawable.Drawable.createFromXmlForDensity(Drawable.java:1382)
10-19 17:32:18.227 E/AndroidRuntime(31180): 	at android.content.res.ResourcesImpl.loadXmlDrawable(ResourcesImpl.java:1112)
10-19 17:32:18.227 E/AndroidRuntime(31180): 	at android.content.res.ResourcesImpl.loadDrawableForCookie(ResourcesImpl.java:1041)
10-19 17:32:18.227 E/AndroidRuntime(31180): 	... 29 more
10-19 17:32:19.186 E/AndroidRuntime(31231): FATAL EXCEPTION: main
10-19 17:32:19.186 E/AndroidRuntime(31231): Process: com.sencity, PID: 31231
10-19 17:32:19.186 E/AndroidRuntime(31231): java.lang.RuntimeException: Unable to start activity ComponentInfo{com.sencity/com.sencity.MainActivity}: android.content.res.Resources$NotFoundException: Drawable com.sencity:drawable/splash_black_center with resource ID #0x7f070100
10-19 17:32:19.186 E/AndroidRuntime(31231): 	at android.app.ActivityThread.performLaunchActivity(ActivityThread.java:4454)
10-19 17:32:19.186 E/AndroidRuntime(31231): 	at android.app.ActivityThread.handleLaunchActivity(ActivityThread.java:4685)
10-19 17:32:19.186 E/AndroidRuntime(31231): 	at android.app.servertransaction.LaunchActivityItem.execute(LaunchActivityItem.java:112)
10-19 17:32:19.186 E/AndroidRuntime(31231): 	at android.app.servertransaction.TransactionExecutor.executeNonLifecycleItem(TransactionExecutor.java:174)
10-19 17:32:19.186 E/AndroidRuntime(31231): 	at android.app.servertransaction.TransactionExecutor.executeTransactionItems(TransactionExecutor.java:109)
10-19 17:32:19.186 E/AndroidRuntime(31231): 	at android.app.servertransaction.TransactionExecutor.execute(TransactionExecutor.java:81)
10-19 17:32:19.186 E/AndroidRuntime(31231): 	at android.app.ActivityThread$H.handleMessage(ActivityThread.java:2895)
10-19 17:32:19.186 E/AndroidRuntime(31231): 	at android.os.Handler.dispatchMessage(Handler.java:107)
10-19 17:32:19.186 E/AndroidRuntime(31231): 	at android.os.Looper.loopOnce(Looper.java:257)
10-19 17:32:19.186 E/AndroidRuntime(31231): 	at android.os.Looper.loop(Looper.java:342)
10-19 17:32:19.186 E/AndroidRuntime(31231): 	at android.app.ActivityThread.main(ActivityThread.java:9634)
10-19 17:32:19.186 E/AndroidRuntime(31231): 	at java.lang.reflect.Method.invoke(Native Method)
10-19 17:32:19.186 E/AndroidRuntime(31231): 	at com.android.internal.os.RuntimeInit$MethodAndArgsCaller.run(RuntimeInit.java:619)
10-19 17:32:19.186 E/AndroidRuntime(31231): 	at com.android.internal.os.ZygoteInit.main(ZygoteInit.java:929)
10-19 17:32:19.186 E/AndroidRuntime(31231): Caused by: android.content.res.Resources$NotFoundException: Drawable com.sencity:drawable/splash_black_center with resource ID #0x7f070100
10-19 17:32:19.186 E/AndroidRuntime(31231): Caused by: android.content.res.Resources$NotFoundException: File res/drawable/splash_black_center.xml from drawable resource ID #0x7f070100
10-19 17:32:19.186 E/AndroidRuntime(31231): 	at android.content.res.ResourcesImpl.loadDrawableForCookie(ResourcesImpl.java:1080)
10-19 17:32:19.186 E/AndroidRuntime(31231): 	at android.content.res.ResourcesImpl.loadDrawable(ResourcesImpl.java:809)
10-19 17:32:19.186 E/AndroidRuntime(31231): 	at android.content.res.Resources.loadDrawable(Resources.java:1050)
10-19 17:32:19.186 E/AndroidRuntime(31231): 	at android.content.res.TypedArray.getDrawableForDensity(TypedArray.java:1021)
10-19 17:32:19.186 E/AndroidRuntime(31231): 	at android.content.res.TypedArray.getDrawable(TypedArray.java:995)
10-19 17:32:19.186 E/AndroidRuntime(31231): 	at com.android.internal.policy.PhoneWindow.generateLayout(PhoneWindow.java:2931)
10-19 17:32:19.186 E/AndroidRuntime(31231): 	at com.android.internal.policy.PhoneWindow.installDecor(PhoneWindow.java:3084)
10-19 17:32:19.186 E/AndroidRuntime(31231): 	at com.android.internal.policy.PhoneWindow.getDecorView(PhoneWindow.java:2324)
10-19 17:32:19.186 E/AndroidRuntime(31231): 	at androidx.core.splashscreen.SplashScreen$Impl31.install(SplashScreen.kt:428)
10-19 17:32:19.186 E/AndroidRuntime(31231): 	at androidx.core.splashscreen.SplashScreen.install(SplashScreen.kt:189)
10-19 17:32:19.186 E/AndroidRuntime(31231): 	at androidx.core.splashscreen.SplashScreen.access$install(SplashScreen.kt:121)
10-19 17:32:19.186 E/AndroidRuntime(31231): 	at androidx.core.splashscreen.SplashScreen$Companion.installSplashScreen(SplashScreen.kt:146)
10-19 17:32:19.186 E/AndroidRuntime(31231): 	at com.sencity.MainActivity.onCreate(MainActivity.kt:25)
10-19 17:32:19.186 E/AndroidRuntime(31231): 	at android.app.Activity.performCreate(Activity.java:9363)
10-19 17:32:19.186 E/AndroidRuntime(31231): 	at android.app.Activity.performCreate(Activity.java:9332)
10-19 17:32:19.186 E/AndroidRuntime(31231): 	at android.app.Instrumentation.callActivityOnCreate(Instrumentation.java:1526)
10-19 17:32:19.186 E/AndroidRuntime(31231): 	at android.app.ActivityThread.performLaunchActivity(ActivityThread.java:4436)
10-19 17:32:19.186 E/AndroidRuntime(31231): 	at android.app.ActivityThread.handleLaunchActivity(ActivityThread.java:4685)
10-19 17:32:19.186 E/AndroidRuntime(31231): 	at android.app.servertransaction.LaunchActivityItem.execute(LaunchActivityItem.java:112)
10-19 17:32:19.186 E/AndroidRuntime(31231): 	at android.app.servertransaction.TransactionExecutor.executeNonLifecycleItem(TransactionExecutor.java:174)
10-19 17:32:19.186 E/AndroidRuntime(31231): 	at android.app.servertransaction.TransactionExecutor.executeTransactionItems(TransactionExecutor.java:109)
10-19 17:32:19.186 E/AndroidRuntime(31231): 	at android.app.servertransaction.TransactionExecutor.execute(TransactionExecutor.java:81)
10-19 17:32:19.186 E/AndroidRuntime(31231): 	at android.app.ActivityThread$H.handleMessage(ActivityThread.java:2895)
10-19 17:32:19.186 E/AndroidRuntime(31231): 	at android.os.Handler.dispatchMessage(Handler.java:107)
10-19 17:32:19.186 E/AndroidRuntime(31231): 	at android.os.Looper.loopOnce(Looper.java:257)
10-19 17:32:19.186 E/AndroidRuntime(31231): 	at android.os.Looper.loop(Looper.java:342)
10-19 17:32:19.186 E/AndroidRuntime(31231): 	at android.app.ActivityThread.main(ActivityThread.java:9634)
10-19 17:32:19.186 E/AndroidRuntime(31231): 	at java.lang.reflect.Method.invoke(Native Method)
10-19 17:32:19.186 E/AndroidRuntime(31231): 	at com.android.internal.os.RuntimeInit$MethodAndArgsCaller.run(RuntimeInit.java:619)
10-19 17:32:19.186 E/AndroidRuntime(31231): 	at com.android.internal.os.ZygoteInit.main(ZygoteInit.java:929)
10-19 17:32:19.186 E/AndroidRuntime(31231): Caused by: org.xmlpull.v1.XmlPullParserException: Binary XML file line #8: <bitmap> requires a valid 'src' attribute
10-19 17:32:19.186 E/AndroidRuntime(31231): 	at android.graphics.drawable.BitmapDrawable.updateStateFromTypedArray(BitmapDrawable.java:873)
10-19 17:32:19.186 E/AndroidRuntime(31231): 	at android.graphics.drawable.BitmapDrawable.inflate(BitmapDrawable.java:794)
10-19 17:32:19.186 E/AndroidRuntime(31231): 	at android.graphics.drawable.DrawableInflater.inflateFromXmlForDensity(DrawableInflater.java:145)
10-19 17:32:19.186 E/AndroidRuntime(31231): 	at android.graphics.drawable.Drawable.createFromXmlInnerForDensity(Drawable.java:1421)
10-19 17:32:19.186 E/AndroidRuntime(31231): 	at android.graphics.drawable.Drawable.createFromXmlInner(Drawable.java:1411)
10-19 17:32:19.186 E/AndroidRuntime(31231): 	at android.graphics.drawable.LayerDrawable.inflateLayers(LayerDrawable.java:285)
10-19 17:32:19.186 E/AndroidRuntime(31231): 	at android.graphics.drawable.LayerDrawable.inflate(LayerDrawable.java:200)
10-19 17:32:19.186 E/AndroidRuntime(31231): 	at android.graphics.drawable.DrawableInflater.inflateFromXmlForDensity(DrawableInflater.java:145)
10-19 17:32:19.186 E/AndroidRuntime(31231): 	at android.graphics.drawable.Drawable.createFromXmlInnerForDensity(Drawable.java:1421)
10-19 17:32:19.186 E/AndroidRuntime(31231): 	at android.graphics.drawable.Drawable.createFromXmlForDensity(Drawable.java:1382)
10-19 17:32:19.186 E/AndroidRuntime(31231): 	at android.content.res.ResourcesImpl.loadXmlDrawable(ResourcesImpl.java:1112)
10-19 17:32:19.186 E/AndroidRuntime(31231): 	at android.content.res.ResourcesImpl.loadDrawableForCookie(ResourcesImpl.java:1041)
10-19 17:32:19.186 E/AndroidRuntime(31231): 	... 29 more
10-19 17:32:26.231 E/AndroidRuntime(31300): FATAL EXCEPTION: main
10-19 17:32:26.231 E/AndroidRuntime(31300): Process: com.sencity, PID: 31300
10-19 17:32:26.231 E/AndroidRuntime(31300): java.lang.RuntimeException: Unable to start activity ComponentInfo{com.sencity/com.sencity.MainActivity}: android.content.res.Resources$NotFoundException: Drawable com.sencity:drawable/splash_black_center with resource ID #0x7f070100
10-19 17:32:26.231 E/AndroidRuntime(31300): 	at android.app.ActivityThread.performLaunchActivity(ActivityThread.java:4454)
10-19 17:32:26.231 E/AndroidRuntime(31300): 	at android.app.ActivityThread.handleLaunchActivity(ActivityThread.java:4685)
10-19 17:32:26.231 E/AndroidRuntime(31300): 	at android.app.servertransaction.LaunchActivityItem.execute(LaunchActivityItem.java:112)
10-19 17:32:26.231 E/AndroidRuntime(31300): 	at android.app.servertransaction.TransactionExecutor.executeNonLifecycleItem(TransactionExecutor.java:174)
10-19 17:32:26.231 E/AndroidRuntime(31300): 	at android.app.servertransaction.TransactionExecutor.executeTransactionItems(TransactionExecutor.java:109)
10-19 17:32:26.231 E/AndroidRuntime(31300): 	at android.app.servertransaction.TransactionExecutor.execute(TransactionExecutor.java:81)
10-19 17:32:26.231 E/AndroidRuntime(31300): 	at android.app.ActivityThread$H.handleMessage(ActivityThread.java:2895)
10-19 17:32:26.231 E/AndroidRuntime(31300): 	at android.os.Handler.dispatchMessage(Handler.java:107)
10-19 17:32:26.231 E/AndroidRuntime(31300): 	at android.os.Looper.loopOnce(Looper.java:257)
10-19 17:32:26.231 E/AndroidRuntime(31300): 	at android.os.Looper.loop(Looper.java:342)
10-19 17:32:26.231 E/AndroidRuntime(31300): 	at android.app.ActivityThread.main(ActivityThread.java:9634)
10-19 17:32:26.231 E/AndroidRuntime(31300): 	at java.lang.reflect.Method.invoke(Native Method)
10-19 17:32:26.231 E/AndroidRuntime(31300): 	at com.android.internal.os.RuntimeInit$MethodAndArgsCaller.run(RuntimeInit.java:619)
10-19 17:32:26.231 E/AndroidRuntime(31300): 	at com.android.internal.os.ZygoteInit.main(ZygoteInit.java:929)
10-19 17:32:26.231 E/AndroidRuntime(31300): Caused by: android.content.res.Resources$NotFoundException: Drawable com.sencity:drawable/splash_black_center with resource ID #0x7f070100
10-19 17:32:26.231 E/AndroidRuntime(31300): Caused by: android.content.res.Resources$NotFoundException: File res/drawable/splash_black_center.xml from drawable resource ID #0x7f070100
10-19 17:32:26.231 E/AndroidRuntime(31300): 	at android.content.res.ResourcesImpl.loadDrawableForCookie(ResourcesImpl.java:1080)
10-19 17:32:26.231 E/AndroidRuntime(31300): 	at android.content.res.ResourcesImpl.loadDrawable(ResourcesImpl.java:809)
10-19 17:32:26.231 E/AndroidRuntime(31300): 	at android.content.res.Resources.loadDrawable(Resources.java:1050)
10-19 17:32:26.231 E/AndroidRuntime(31300): 	at android.content.res.TypedArray.getDrawableForDensity(TypedArray.java:1021)
10-19 17:32:26.231 E/AndroidRuntime(31300): 	at android.content.res.TypedArray.getDrawable(TypedArray.java:995)
10-19 17:32:26.231 E/AndroidRuntime(31300): 	at com.android.internal.policy.PhoneWindow.generateLayout(PhoneWindow.java:2931)
10-19 17:32:26.231 E/AndroidRuntime(31300): 	at com.android.internal.policy.PhoneWindow.installDecor(PhoneWindow.java:3084)
10-19 17:32:26.231 E/AndroidRuntime(31300): 	at com.android.internal.policy.PhoneWindow.getDecorView(PhoneWindow.java:2324)
10-19 17:32:26.231 E/AndroidRuntime(31300): 	at androidx.core.splashscreen.SplashScreen$Impl31.install(SplashScreen.kt:428)
10-19 17:32:26.231 E/AndroidRuntime(31300): 	at androidx.core.splashscreen.SplashScreen.install(SplashScreen.kt:189)
10-19 17:32:26.231 E/AndroidRuntime(31300): 	at androidx.core.splashscreen.SplashScreen.access$install(SplashScreen.kt:121)
10-19 17:32:26.231 E/AndroidRuntime(31300): 	at androidx.core.splashscreen.SplashScreen$Companion.installSplashScreen(SplashScreen.kt:146)
10-19 17:32:26.231 E/AndroidRuntime(31300): 	at com.sencity.MainActivity.onCreate(MainActivity.kt:25)
10-19 17:32:26.231 E/AndroidRuntime(31300): 	at android.app.Activity.performCreate(Activity.java:9363)
10-19 17:32:26.231 E/AndroidRuntime(31300): 	at android.app.Activity.performCreate(Activity.java:9332)
10-19 17:32:26.231 E/AndroidRuntime(31300): 	at android.app.Instrumentation.callActivityOnCreate(Instrumentation.java:1526)
10-19 17:32:26.231 E/AndroidRuntime(31300): 	at android.app.ActivityThread.performLaunchActivity(ActivityThread.java:4436)
10-19 17:32:26.231 E/AndroidRuntime(31300): 	at android.app.ActivityThread.handleLaunchActivity(ActivityThread.java:4685)
10-19 17:32:26.231 E/AndroidRuntime(31300): 	at android.app.servertransaction.LaunchActivityItem.execute(LaunchActivityItem.java:112)
10-19 17:32:26.231 E/AndroidRuntime(31300): 	at android.app.servertransaction.TransactionExecutor.executeNonLifecycleItem(TransactionExecutor.java:174)
10-19 17:32:26.231 E/AndroidRuntime(31300): 	at android.app.servertransaction.TransactionExecutor.executeTransactionItems(TransactionExecutor.java:109)
10-19 17:32:26.231 E/AndroidRuntime(31300): 	at android.app.servertransaction.TransactionExecutor.execute(TransactionExecutor.java:81)
10-19 17:32:26.231 E/AndroidRuntime(31300): 	at android.app.ActivityThread$H.handleMessage(ActivityThread.java:2895)
10-19 17:32:26.231 E/AndroidRuntime(31300): 	at android.os.Handler.dispatchMessage(Handler.java:107)
10-19 17:32:26.231 E/AndroidRuntime(31300): 	at android.os.Looper.loopOnce(Looper.java:257)
10-19 17:32:26.231 E/AndroidRuntime(31300): 	at android.os.Looper.loop(Looper.java:342)
10-19 17:32:26.231 E/AndroidRuntime(31300): 	at android.app.ActivityThread.main(ActivityThread.java:9634)
10-19 17:32:26.231 E/AndroidRuntime(31300): 	at java.lang.reflect.Method.invoke(Native Method)
10-19 17:32:26.231 E/AndroidRuntime(31300): 	at com.android.internal.os.RuntimeInit$MethodAndArgsCaller.run(RuntimeInit.java:619)
10-19 17:32:26.231 E/AndroidRuntime(31300): 	at com.android.internal.os.ZygoteInit.main(ZygoteInit.java:929)
10-19 17:32:26.231 E/AndroidRuntime(31300): Caused by: org.xmlpull.v1.XmlPullParserException: Binary XML file line #8: <bitmap> requires a valid 'src' attribute
10-19 17:32:26.232 E/AndroidRuntime(31300): 	at android.graphics.drawable.BitmapDrawable.updateStateFromTypedArray(BitmapDrawable.java:873)
10-19 17:32:26.232 E/AndroidRuntime(31300): 	at android.graphics.drawable.BitmapDrawable.inflate(BitmapDrawable.java:794)
10-19 17:32:26.232 E/AndroidRuntime(31300): 	at android.graphics.drawable.DrawableInflater.inflateFromXmlForDensity(DrawableInflater.java:145)
10-19 17:32:26.232 E/AndroidRuntime(31300): 	at android.graphics.drawable.Drawable.createFromXmlInnerForDensity(Drawable.java:1421)
10-19 17:32:26.232 E/AndroidRuntime(31300): 	at android.graphics.drawable.Drawable.createFromXmlInner(Drawable.java:1411)
10-19 17:32:26.232 E/AndroidRuntime(31300): 	at android.graphics.drawable.LayerDrawable.inflateLayers(LayerDrawable.java:285)
10-19 17:32:26.232 E/AndroidRuntime(31300): 	at android.graphics.drawable.LayerDrawable.inflate(LayerDrawable.java:200)
10-19 17:32:26.232 E/AndroidRuntime(31300): 	at android.graphics.drawable.DrawableInflater.inflateFromXmlForDensity(DrawableInflater.java:145)
10-19 17:32:26.232 E/AndroidRuntime(31300): 	at android.graphics.drawable.Drawable.createFromXmlInnerForDensity(Drawable.java:1421)
10-19 17:32:26.232 E/AndroidRuntime(31300): 	at android.graphics.drawable.Drawable.createFromXmlForDensity(Drawable.java:1382)
10-19 17:32:26.232 E/AndroidRuntime(31300): 	at android.content.res.ResourcesImpl.loadXmlDrawable(ResourcesImpl.java:1112)
10-19 17:32:26.232 E/AndroidRuntime(31300): 	at android.content.res.ResourcesImpl.loadDrawableForCookie(ResourcesImpl.java:1041)
10-19 17:32:26.232 E/AndroidRuntime(31300): 	... 29 more
10-19 17:32:29.935 E/AndroidRuntime(31372): FATAL EXCEPTION: main
10-19 17:32:29.935 E/AndroidRuntime(31372): Process: com.sencity, PID: 31372
10-19 17:32:29.935 E/AndroidRuntime(31372): java.lang.RuntimeException: Unable to start activity ComponentInfo{com.sencity/com.sencity.MainActivity}: android.content.res.Resources$NotFoundException: Drawable com.sencity:drawable/splash_black_center with resource ID #0x7f070100
10-19 17:32:29.935 E/AndroidRuntime(31372): 	at android.app.ActivityThread.performLaunchActivity(ActivityThread.java:4454)
10-19 17:32:29.935 E/AndroidRuntime(31372): 	at android.app.ActivityThread.handleLaunchActivity(ActivityThread.java:4685)
10-19 17:32:29.935 E/AndroidRuntime(31372): 	at android.app.servertransaction.LaunchActivityItem.execute(LaunchActivityItem.java:112)
10-19 17:32:29.935 E/AndroidRuntime(31372): 	at android.app.servertransaction.TransactionExecutor.executeNonLifecycleItem(TransactionExecutor.java:174)
10-19 17:32:29.935 E/AndroidRuntime(31372): 	at android.app.servertransaction.TransactionExecutor.executeTransactionItems(TransactionExecutor.java:109)
10-19 17:32:29.935 E/AndroidRuntime(31372): 	at android.app.servertransaction.TransactionExecutor.execute(TransactionExecutor.java:81)
10-19 17:32:29.935 E/AndroidRuntime(31372): 	at android.app.ActivityThread$H.handleMessage(ActivityThread.java:2895)
10-19 17:32:29.935 E/AndroidRuntime(31372): 	at android.os.Handler.dispatchMessage(Handler.java:107)
10-19 17:32:29.935 E/AndroidRuntime(31372): 	at android.os.Looper.loopOnce(Looper.java:257)
10-19 17:32:29.935 E/AndroidRuntime(31372): 	at android.os.Looper.loop(Looper.java:342)
10-19 17:32:29.935 E/AndroidRuntime(31372): 	at android.app.ActivityThread.main(ActivityThread.java:9634)
10-19 17:32:29.935 E/AndroidRuntime(31372): 	at java.lang.reflect.Method.invoke(Native Method)
10-19 17:32:29.935 E/AndroidRuntime(31372): 	at com.android.internal.os.RuntimeInit$MethodAndArgsCaller.run(RuntimeInit.java:619)
10-19 17:32:29.935 E/AndroidRuntime(31372): 	at com.android.internal.os.ZygoteInit.main(ZygoteInit.java:929)
10-19 17:32:29.935 E/AndroidRuntime(31372): Caused by: android.content.res.Resources$NotFoundException: Drawable com.sencity:drawable/splash_black_center with resource ID #0x7f070100
10-19 17:32:29.935 E/AndroidRuntime(31372): Caused by: android.content.res.Resources$NotFoundException: File res/drawable/splash_black_center.xml from drawable resource ID #0x7f070100
10-19 17:32:29.935 E/AndroidRuntime(31372): 	at android.content.res.ResourcesImpl.loadDrawableForCookie(ResourcesImpl.java:1080)
10-19 17:32:29.935 E/AndroidRuntime(31372): 	at android.content.res.ResourcesImpl.loadDrawable(ResourcesImpl.java:809)
10-19 17:32:29.935 E/AndroidRuntime(31372): 	at android.content.res.Resources.loadDrawable(Resources.java:1050)
10-19 17:32:29.935 E/AndroidRuntime(31372): 	at android.content.res.TypedArray.getDrawableForDensity(TypedArray.java:1021)
10-19 17:32:29.935 E/AndroidRuntime(31372): 	at android.content.res.TypedArray.getDrawable(TypedArray.java:995)
10-19 17:32:29.935 E/AndroidRuntime(31372): 	at com.android.internal.policy.PhoneWindow.generateLayout(PhoneWindow.java:2931)
10-19 17:32:29.935 E/AndroidRuntime(31372): 	at com.android.internal.policy.PhoneWindow.installDecor(PhoneWindow.java:3084)
10-19 17:32:29.935 E/AndroidRuntime(31372): 	at com.android.internal.policy.PhoneWindow.getDecorView(PhoneWindow.java:2324)
10-19 17:32:29.935 E/AndroidRuntime(31372): 	at androidx.core.splashscreen.SplashScreen$Impl31.install(SplashScreen.kt:428)
10-19 17:32:29.935 E/AndroidRuntime(31372): 	at androidx.core.splashscreen.SplashScreen.install(SplashScreen.kt:189)
10-19 17:32:29.935 E/AndroidRuntime(31372): 	at androidx.core.splashscreen.SplashScreen.access$install(SplashScreen.kt:121)
10-19 17:32:29.935 E/AndroidRuntime(31372): 	at androidx.core.splashscreen.SplashScreen$Companion.installSplashScreen(SplashScreen.kt:146)
10-19 17:32:29.935 E/AndroidRuntime(31372): 	at com.sencity.MainActivity.onCreate(MainActivity.kt:25)
10-19 17:32:29.935 E/AndroidRuntime(31372): 	at android.app.Activity.performCreate(Activity.java:9363)
10-19 17:32:29.935 E/AndroidRuntime(31372): 	at android.app.Activity.performCreate(Activity.java:9332)
10-19 17:32:29.935 E/AndroidRuntime(31372): 	at android.app.Instrumentation.callActivityOnCreate(Instrumentation.java:1526)
10-19 17:32:29.935 E/AndroidRuntime(31372): 	at android.app.ActivityThread.performLaunchActivity(ActivityThread.java:4436)
10-19 17:32:29.935 E/AndroidRuntime(31372): 	at android.app.ActivityThread.handleLaunchActivity(ActivityThread.java:4685)
10-19 17:32:29.935 E/AndroidRuntime(31372): 	at android.app.servertransaction.LaunchActivityItem.execute(LaunchActivityItem.java:112)
10-19 17:32:29.935 E/AndroidRuntime(31372): 	at android.app.servertransaction.TransactionExecutor.executeNonLifecycleItem(TransactionExecutor.java:174)
10-19 17:32:29.935 E/AndroidRuntime(31372): 	at android.app.servertransaction.TransactionExecutor.executeTransactionItems(TransactionExecutor.java:109)
10-19 17:32:29.935 E/AndroidRuntime(31372): 	at android.app.servertransaction.TransactionExecutor.execute(TransactionExecutor.java:81)
10-19 17:32:29.935 E/AndroidRuntime(31372): 	at android.app.ActivityThread$H.handleMessage(ActivityThread.java:2895)
10-19 17:32:29.935 E/AndroidRuntime(31372): 	at android.os.Handler.dispatchMessage(Handler.java:107)
10-19 17:32:29.935 E/AndroidRuntime(31372): 	at android.os.Looper.loopOnce(Looper.java:257)
10-19 17:32:29.935 E/AndroidRuntime(31372): 	at android.os.Looper.loop(Looper.java:342)
10-19 17:32:29.935 E/AndroidRuntime(31372): 	at android.app.ActivityThread.main(ActivityThread.java:9634)
10-19 17:32:29.935 E/AndroidRuntime(31372): 	at java.lang.reflect.Method.invoke(Native Method)
10-19 17:32:29.935 E/AndroidRuntime(31372): 	at com.android.internal.os.RuntimeInit$MethodAndArgsCaller.run(RuntimeInit.java:619)
10-19 17:32:29.935 E/AndroidRuntime(31372): 	at com.android.internal.os.ZygoteInit.main(ZygoteInit.java:929)
10-19 17:32:29.935 E/AndroidRuntime(31372): Caused by: org.xmlpull.v1.XmlPullParserException: Binary XML file line #8: <bitmap> requires a valid 'src' attribute
10-19 17:32:29.936 E/AndroidRuntime(31372): 	at android.graphics.drawable.BitmapDrawable.updateStateFromTypedArray(BitmapDrawable.java:873)
10-19 17:32:29.936 E/AndroidRuntime(31372): 	at android.graphics.drawable.BitmapDrawable.inflate(BitmapDrawable.java:794)
10-19 17:32:29.936 E/AndroidRuntime(31372): 	at android.graphics.drawable.DrawableInflater.inflateFromXmlForDensity(DrawableInflater.java:145)
10-19 17:32:29.936 E/AndroidRuntime(31372): 	at android.graphics.drawable.Drawable.createFromXmlInnerForDensity(Drawable.java:1421)
10-19 17:32:29.936 E/AndroidRuntime(31372): 	at android.graphics.drawable.Drawable.createFromXmlInner(Drawable.java:1411)
10-19 17:32:29.936 E/AndroidRuntime(31372): 	at android.graphics.drawable.LayerDrawable.inflateLayers(LayerDrawable.java:285)
10-19 17:32:29.936 E/AndroidRuntime(31372): 	at android.graphics.drawable.LayerDrawable.inflate(LayerDrawable.java:200)
10-19 17:32:29.936 E/AndroidRuntime(31372): 	at android.graphics.drawable.DrawableInflater.inflateFromXmlForDensity(DrawableInflater.java:145)
10-19 17:32:29.936 E/AndroidRuntime(31372): 	at android.graphics.drawable.Drawable.createFromXmlInnerForDensity(Drawable.java:1421)
10-19 17:32:29.936 E/AndroidRuntime(31372): 	at android.graphics.drawable.Drawable.createFromXmlForDensity(Drawable.java:1382)
10-19 17:32:29.936 E/AndroidRuntime(31372): 	at android.content.res.ResourcesImpl.loadXmlDrawable(ResourcesImpl.java:1112)
10-19 17:32:29.936 E/AndroidRuntime(31372): 	at android.content.res.ResourcesImpl.loadDrawableForCookie(ResourcesImpl.java:1041)
10-19 17:32:29.936 E/AndroidRuntime(31372): 	... 29 more
10-19 17:32:31.046 E/AndroidRuntime(31423): FATAL EXCEPTION: main
10-19 17:32:31.046 E/AndroidRuntime(31423): Process: com.sencity, PID: 31423
10-19 17:32:31.046 E/AndroidRuntime(31423): java.lang.RuntimeException: Unable to start activity ComponentInfo{com.sencity/com.sencity.MainActivity}: android.content.res.Resources$NotFoundException: Drawable com.sencity:drawable/splash_black_center with resource ID #0x7f070100
10-19 17:32:31.046 E/AndroidRuntime(31423): 	at android.app.ActivityThread.performLaunchActivity(ActivityThread.java:4454)
10-19 17:32:31.046 E/AndroidRuntime(31423): 	at android.app.ActivityThread.handleLaunchActivity(ActivityThread.java:4685)
10-19 17:32:31.046 E/AndroidRuntime(31423): 	at android.app.servertransaction.LaunchActivityItem.execute(LaunchActivityItem.java:112)
10-19 17:32:31.046 E/AndroidRuntime(31423): 	at android.app.servertransaction.TransactionExecutor.executeNonLifecycleItem(TransactionExecutor.java:174)
10-19 17:32:31.046 E/AndroidRuntime(31423): 	at android.app.servertransaction.TransactionExecutor.executeTransactionItems(TransactionExecutor.java:109)
10-19 17:32:31.046 E/AndroidRuntime(31423): 	at android.app.servertransaction.TransactionExecutor.execute(TransactionExecutor.java:81)
10-19 17:32:31.046 E/AndroidRuntime(31423): 	at android.app.ActivityThread$H.handleMessage(ActivityThread.java:2895)
10-19 17:32:31.046 E/AndroidRuntime(31423): 	at android.os.Handler.dispatchMessage(Handler.java:107)
10-19 17:32:31.046 E/AndroidRuntime(31423): 	at android.os.Looper.loopOnce(Looper.java:257)
10-19 17:32:31.046 E/AndroidRuntime(31423): 	at android.os.Looper.loop(Looper.java:342)
10-19 17:32:31.046 E/AndroidRuntime(31423): 	at android.app.ActivityThread.main(ActivityThread.java:9634)
10-19 17:32:31.046 E/AndroidRuntime(31423): 	at java.lang.reflect.Method.invoke(Native Method)
10-19 17:32:31.046 E/AndroidRuntime(31423): 	at com.android.internal.os.RuntimeInit$MethodAndArgsCaller.run(RuntimeInit.java:619)
10-19 17:32:31.046 E/AndroidRuntime(31423): 	at com.android.internal.os.ZygoteInit.main(ZygoteInit.java:929)
10-19 17:32:31.046 E/AndroidRuntime(31423): Caused by: android.content.res.Resources$NotFoundException: Drawable com.sencity:drawable/splash_black_center with resource ID #0x7f070100
10-19 17:32:31.046 E/AndroidRuntime(31423): Caused by: android.content.res.Resources$NotFoundException: File res/drawable/splash_black_center.xml from drawable resource ID #0x7f070100
10-19 17:32:31.046 E/AndroidRuntime(31423): 	at android.content.res.ResourcesImpl.loadDrawableForCookie(ResourcesImpl.java:1080)
10-19 17:32:31.046 E/AndroidRuntime(31423): 	at android.content.res.ResourcesImpl.loadDrawable(ResourcesImpl.java:809)
10-19 17:32:31.046 E/AndroidRuntime(31423): 	at android.content.res.Resources.loadDrawable(Resources.java:1050)
10-19 17:32:31.046 E/AndroidRuntime(31423): 	at android.content.res.TypedArray.getDrawableForDensity(TypedArray.java:1021)
10-19 17:32:31.046 E/AndroidRuntime(31423): 	at android.content.res.TypedArray.getDrawable(TypedArray.java:995)
10-19 17:32:31.046 E/AndroidRuntime(31423): 	at com.android.internal.policy.PhoneWindow.generateLayout(PhoneWindow.java:2931)
10-19 17:32:31.046 E/AndroidRuntime(31423): 	at com.android.internal.policy.PhoneWindow.installDecor(PhoneWindow.java:3084)
10-19 17:32:31.046 E/AndroidRuntime(31423): 	at com.android.internal.policy.PhoneWindow.getDecorView(PhoneWindow.java:2324)
10-19 17:32:31.046 E/AndroidRuntime(31423): 	at androidx.core.splashscreen.SplashScreen$Impl31.install(SplashScreen.kt:428)
10-19 17:32:31.046 E/AndroidRuntime(31423): 	at androidx.core.splashscreen.SplashScreen.install(SplashScreen.kt:189)
10-19 17:32:31.046 E/AndroidRuntime(31423): 	at androidx.core.splashscreen.SplashScreen.access$install(SplashScreen.kt:121)
10-19 17:32:31.046 E/AndroidRuntime(31423): 	at androidx.core.splashscreen.SplashScreen$Companion.installSplashScreen(SplashScreen.kt:146)
10-19 17:32:31.046 E/AndroidRuntime(31423): 	at com.sencity.MainActivity.onCreate(MainActivity.kt:25)
10-19 17:32:31.046 E/AndroidRuntime(31423): 	at android.app.Activity.performCreate(Activity.java:9363)
10-19 17:32:31.046 E/AndroidRuntime(31423): 	at android.app.Activity.performCreate(Activity.java:9332)
10-19 17:32:31.046 E/AndroidRuntime(31423): 	at android.app.Instrumentation.callActivityOnCreate(Instrumentation.java:1526)
10-19 17:32:31.046 E/AndroidRuntime(31423): 	at android.app.ActivityThread.performLaunchActivity(ActivityThread.java:4436)
10-19 17:32:31.046 E/AndroidRuntime(31423): 	at android.app.ActivityThread.handleLaunchActivity(ActivityThread.java:4685)
10-19 17:32:31.046 E/AndroidRuntime(31423): 	at android.app.servertransaction.LaunchActivityItem.execute(LaunchActivityItem.java:112)
10-19 17:32:31.046 E/AndroidRuntime(31423): 	at android.app.servertransaction.TransactionExecutor.executeNonLifecycleItem(TransactionExecutor.java:174)
10-19 17:32:31.046 E/AndroidRuntime(31423): 	at android.app.servertransaction.TransactionExecutor.executeTransactionItems(TransactionExecutor.java:109)
10-19 17:32:31.046 E/AndroidRuntime(31423): 	at android.app.servertransaction.TransactionExecutor.execute(TransactionExecutor.java:81)
10-19 17:32:31.046 E/AndroidRuntime(31423): 	at android.app.ActivityThread$H.handleMessage(ActivityThread.java:2895)
10-19 17:32:31.046 E/AndroidRuntime(31423): 	at android.os.Handler.dispatchMessage(Handler.java:107)
10-19 17:32:31.046 E/AndroidRuntime(31423): 	at android.os.Looper.loopOnce(Looper.java:257)
10-19 17:32:31.046 E/AndroidRuntime(31423): 	at android.os.Looper.loop(Looper.java:342)
10-19 17:32:31.046 E/AndroidRuntime(31423): 	at android.app.ActivityThread.main(ActivityThread.java:9634)
10-19 17:32:31.046 E/AndroidRuntime(31423): 	at java.lang.reflect.Method.invoke(Native Method)
10-19 17:32:31.046 E/AndroidRuntime(31423): 	at com.android.internal.os.RuntimeInit$MethodAndArgsCaller.run(RuntimeInit.java:619)
10-19 17:32:31.046 E/AndroidRuntime(31423): 	at com.android.internal.os.ZygoteInit.main(ZygoteInit.java:929)
10-19 17:32:31.046 E/AndroidRuntime(31423): Caused by: org.xmlpull.v1.XmlPullParserException: Binary XML file line #8: <bitmap> requires a valid 'src' attribute
10-19 17:32:31.046 E/AndroidRuntime(31423): 	at android.graphics.drawable.BitmapDrawable.updateStateFromTypedArray(BitmapDrawable.java:873)
10-19 17:32:31.046 E/AndroidRuntime(31423): 	at android.graphics.drawable.BitmapDrawable.inflate(BitmapDrawable.java:794)
10-19 17:32:31.046 E/AndroidRuntime(31423): 	at android.graphics.drawable.DrawableInflater.inflateFromXmlForDensity(DrawableInflater.java:145)
10-19 17:32:31.046 E/AndroidRuntime(31423): 	at android.graphics.drawable.Drawable.createFromXmlInnerForDensity(Drawable.java:1421)
10-19 17:32:31.046 E/AndroidRuntime(31423): 	at android.graphics.drawable.Drawable.createFromXmlInner(Drawable.java:1411)
10-19 17:32:31.046 E/AndroidRuntime(31423): 	at android.graphics.drawable.LayerDrawable.inflateLayers(LayerDrawable.java:285)
10-19 17:32:31.046 E/AndroidRuntime(31423): 	at android.graphics.drawable.LayerDrawable.inflate(LayerDrawable.java:200)
10-19 17:32:31.046 E/AndroidRuntime(31423): 	at android.graphics.drawable.DrawableInflater.inflateFromXmlForDensity(DrawableInflater.java:145)
10-19 17:32:31.046 E/AndroidRuntime(31423): 	at android.graphics.drawable.Drawable.createFromXmlInnerForDensity(Drawable.java:1421)
10-19 17:32:31.046 E/AndroidRuntime(31423): 	at android.graphics.drawable.Drawable.createFromXmlForDensity(Drawable.java:1382)
10-19 17:32:31.046 E/AndroidRuntime(31423): 	at android.content.res.ResourcesImpl.loadXmlDrawable(ResourcesImpl.java:1112)
10-19 17:32:31.046 E/AndroidRuntime(31423): 	at android.content.res.ResourcesImpl.loadDrawableForCookie(ResourcesImpl.java:1041)
10-19 17:32:31.046 E/AndroidRuntime(31423): 	... 29 more
10-19 17:32:31.835 E/AndroidRuntime(31473): FATAL EXCEPTION: main
10-19 17:32:31.835 E/AndroidRuntime(31473): Process: com.sencity, PID: 31473
10-19 17:32:31.835 E/AndroidRuntime(31473): java.lang.RuntimeException: Unable to start activity ComponentInfo{com.sencity/com.sencity.MainActivity}: android.content.res.Resources$NotFoundException: Drawable com.sencity:drawable/splash_black_center with resource ID #0x7f070100
10-19 17:32:31.835 E/AndroidRuntime(31473): 	at android.app.ActivityThread.performLaunchActivity(ActivityThread.java:4454)
10-19 17:32:31.835 E/AndroidRuntime(31473): 	at android.app.ActivityThread.handleLaunchActivity(ActivityThread.java:4685)
10-19 17:32:31.835 E/AndroidRuntime(31473): 	at android.app.servertransaction.LaunchActivityItem.execute(LaunchActivityItem.java:112)
10-19 17:32:31.835 E/AndroidRuntime(31473): 	at android.app.servertransaction.TransactionExecutor.executeNonLifecycleItem(TransactionExecutor.java:174)
10-19 17:32:31.835 E/AndroidRuntime(31473): 	at android.app.servertransaction.TransactionExecutor.executeTransactionItems(TransactionExecutor.java:109)
10-19 17:32:31.835 E/AndroidRuntime(31473): 	at android.app.servertransaction.TransactionExecutor.execute(TransactionExecutor.java:81)
10-19 17:32:31.835 E/AndroidRuntime(31473): 	at android.app.ActivityThread$H.handleMessage(ActivityThread.java:2895)
10-19 17:32:31.835 E/AndroidRuntime(31473): 	at android.os.Handler.dispatchMessage(Handler.java:107)
10-19 17:32:31.835 E/AndroidRuntime(31473): 	at android.os.Looper.loopOnce(Looper.java:257)
10-19 17:32:31.835 E/AndroidRuntime(31473): 	at android.os.Looper.loop(Looper.java:342)
10-19 17:32:31.835 E/AndroidRuntime(31473): 	at android.app.ActivityThread.main(ActivityThread.java:9634)
10-19 17:32:31.835 E/AndroidRuntime(31473): 	at java.lang.reflect.Method.invoke(Native Method)
10-19 17:32:31.835 E/AndroidRuntime(31473): 	at com.android.internal.os.RuntimeInit$MethodAndArgsCaller.run(RuntimeInit.java:619)
10-19 17:32:31.835 E/AndroidRuntime(31473): 	at com.android.internal.os.ZygoteInit.main(ZygoteInit.java:929)
10-19 17:32:31.835 E/AndroidRuntime(31473): Caused by: android.content.res.Resources$NotFoundException: Drawable com.sencity:drawable/splash_black_center with resource ID #0x7f070100
10-19 17:32:31.835 E/AndroidRuntime(31473): Caused by: android.content.res.Resources$NotFoundException: File res/drawable/splash_black_center.xml from drawable resource ID #0x7f070100
10-19 17:32:31.835 E/AndroidRuntime(31473): 	at android.content.res.ResourcesImpl.loadDrawableForCookie(ResourcesImpl.java:1080)
10-19 17:32:31.835 E/AndroidRuntime(31473): 	at android.content.res.ResourcesImpl.loadDrawable(ResourcesImpl.java:809)
10-19 17:32:31.835 E/AndroidRuntime(31473): 	at android.content.res.Resources.loadDrawable(Resources.java:1050)
10-19 17:32:31.835 E/AndroidRuntime(31473): 	at android.content.res.TypedArray.getDrawableForDensity(TypedArray.java:1021)
10-19 17:32:31.835 E/AndroidRuntime(31473): 	at android.content.res.TypedArray.getDrawable(TypedArray.java:995)
10-19 17:32:31.835 E/AndroidRuntime(31473): 	at com.android.internal.policy.PhoneWindow.generateLayout(PhoneWindow.java:2931)
10-19 17:32:31.835 E/AndroidRuntime(31473): 	at com.android.internal.policy.PhoneWindow.installDecor(PhoneWindow.java:3084)
10-19 17:32:31.835 E/AndroidRuntime(31473): 	at com.android.internal.policy.PhoneWindow.getDecorView(PhoneWindow.java:2324)
10-19 17:32:31.835 E/AndroidRuntime(31473): 	at androidx.core.splashscreen.SplashScreen$Impl31.install(SplashScreen.kt:428)
10-19 17:32:31.835 E/AndroidRuntime(31473): 	at androidx.core.splashscreen.SplashScreen.install(SplashScreen.kt:189)
10-19 17:32:31.835 E/AndroidRuntime(31473): 	at androidx.core.splashscreen.SplashScreen.access$install(SplashScreen.kt:121)
10-19 17:32:31.835 E/AndroidRuntime(31473): 	at androidx.core.splashscreen.SplashScreen$Companion.installSplashScreen(SplashScreen.kt:146)
10-19 17:32:31.835 E/AndroidRuntime(31473): 	at com.sencity.MainActivity.onCreate(MainActivity.kt:25)
10-19 17:32:31.835 E/AndroidRuntime(31473): 	at android.app.Activity.performCreate(Activity.java:9363)
10-19 17:32:31.835 E/AndroidRuntime(31473): 	at android.app.Activity.performCreate(Activity.java:9332)
10-19 17:32:31.835 E/AndroidRuntime(31473): 	at android.app.Instrumentation.callActivityOnCreate(Instrumentation.java:1526)
10-19 17:32:31.835 E/AndroidRuntime(31473): 	at android.app.ActivityThread.performLaunchActivity(ActivityThread.java:4436)
10-19 17:32:31.835 E/AndroidRuntime(31473): 	at android.app.ActivityThread.handleLaunchActivity(ActivityThread.java:4685)
10-19 17:32:31.835 E/AndroidRuntime(31473): 	at android.app.servertransaction.LaunchActivityItem.execute(LaunchActivityItem.java:112)
10-19 17:32:31.835 E/AndroidRuntime(31473): 	at android.app.servertransaction.TransactionExecutor.executeNonLifecycleItem(TransactionExecutor.java:174)
10-19 17:32:31.835 E/AndroidRuntime(31473): 	at android.app.servertransaction.TransactionExecutor.executeTransactionItems(TransactionExecutor.java:109)
10-19 17:32:31.835 E/AndroidRuntime(31473): 	at android.app.servertransaction.TransactionExecutor.execute(TransactionExecutor.java:81)
10-19 17:32:31.835 E/AndroidRuntime(31473): 	at android.app.ActivityThread$H.handleMessage(ActivityThread.java:2895)
10-19 17:32:31.835 E/AndroidRuntime(31473): 	at android.os.Handler.dispatchMessage(Handler.java:107)
10-19 17:32:31.835 E/AndroidRuntime(31473): 	at android.os.Looper.loopOnce(Looper.java:257)
10-19 17:32:31.835 E/AndroidRuntime(31473): 	at android.os.Looper.loop(Looper.java:342)
10-19 17:32:31.835 E/AndroidRuntime(31473): 	at android.app.ActivityThread.main(ActivityThread.java:9634)
10-19 17:32:31.835 E/AndroidRuntime(31473): 	at java.lang.reflect.Method.invoke(Native Method)
10-19 17:32:31.835 E/AndroidRuntime(31473): 	at com.android.internal.os.RuntimeInit$MethodAndArgsCaller.run(RuntimeInit.java:619)
10-19 17:32:31.835 E/AndroidRuntime(31473): 	at com.android.internal.os.ZygoteInit.main(ZygoteInit.java:929)
10-19 17:32:31.835 E/AndroidRuntime(31473): Caused by: org.xmlpull.v1.XmlPullParserException: Binary XML file line #8: <bitmap> requires a valid 'src' attribute
10-19 17:32:31.835 E/AndroidRuntime(31473): 	at android.graphics.drawable.BitmapDrawable.updateStateFromTypedArray(BitmapDrawable.java:873)
10-19 17:32:31.835 E/AndroidRuntime(31473): 	at android.graphics.drawable.BitmapDrawable.inflate(BitmapDrawable.java:794)
10-19 17:32:31.835 E/AndroidRuntime(31473): 	at android.graphics.drawable.DrawableInflater.inflateFromXmlForDensity(DrawableInflater.java:145)
10-19 17:32:31.835 E/AndroidRuntime(31473): 	at android.graphics.drawable.Drawable.createFromXmlInnerForDensity(Drawable.java:1421)
10-19 17:32:31.835 E/AndroidRuntime(31473): 	at android.graphics.drawable.Drawable.createFromXmlInner(Drawable.java:1411)
10-19 17:32:31.835 E/AndroidRuntime(31473): 	at android.graphics.drawable.LayerDrawable.inflateLayers(LayerDrawable.java:285)
10-19 17:32:31.835 E/AndroidRuntime(31473): 	at android.graphics.drawable.LayerDrawable.inflate(LayerDrawable.java:200)
10-19 17:32:31.835 E/AndroidRuntime(31473): 	at android.graphics.drawable.DrawableInflater.inflateFromXmlForDensity(DrawableInflater.java:145)
10-19 17:32:31.835 E/AndroidRuntime(31473): 	at android.graphics.drawable.Drawable.createFromXmlInnerForDensity(Drawable.java:1421)
10-19 17:32:31.835 E/AndroidRuntime(31473): 	at android.graphics.drawable.Drawable.createFromXmlForDensity(Drawable.java:1382)
10-19 17:32:31.835 E/AndroidRuntime(31473): 	at android.content.res.ResourcesImpl.loadXmlDrawable(ResourcesImpl.java:1112)
10-19 17:32:31.835 E/AndroidRuntime(31473): 	at android.content.res.ResourcesImpl.loadDrawableForCookie(ResourcesImpl.java:1041)
10-19 17:32:31.835 E/AndroidRuntime(31473): 	... 29 more
10-19 17:32:32.566 E/AndroidRuntime(31538): FATAL EXCEPTION: main
10-19 17:32:32.566 E/AndroidRuntime(31538): Process: com.sencity, PID: 31538
10-19 17:32:32.566 E/AndroidRuntime(31538): java.lang.RuntimeException: Unable to start activity ComponentInfo{com.sencity/com.sencity.MainActivity}: android.content.res.Resources$NotFoundException: Drawable com.sencity:drawable/splash_black_center with resource ID #0x7f070100
10-19 17:32:32.566 E/AndroidRuntime(31538): 	at android.app.ActivityThread.performLaunchActivity(ActivityThread.java:4454)
10-19 17:32:32.566 E/AndroidRuntime(31538): 	at android.app.ActivityThread.handleLaunchActivity(ActivityThread.java:4685)
10-19 17:32:32.566 E/AndroidRuntime(31538): 	at android.app.servertransaction.LaunchActivityItem.execute(LaunchActivityItem.java:112)
10-19 17:32:32.566 E/AndroidRuntime(31538): 	at android.app.servertransaction.TransactionExecutor.executeNonLifecycleItem(TransactionExecutor.java:174)
10-19 17:32:32.566 E/AndroidRuntime(31538): 	at android.app.servertransaction.TransactionExecutor.executeTransactionItems(TransactionExecutor.java:109)
10-19 17:32:32.566 E/AndroidRuntime(31538): 	at android.app.servertransaction.TransactionExecutor.execute(TransactionExecutor.java:81)
10-19 17:32:32.566 E/AndroidRuntime(31538): 	at android.app.ActivityThread$H.handleMessage(ActivityThread.java:2895)
10-19 17:32:32.566 E/AndroidRuntime(31538): 	at android.os.Handler.dispatchMessage(Handler.java:107)
10-19 17:32:32.566 E/AndroidRuntime(31538): 	at android.os.Looper.loopOnce(Looper.java:257)
10-19 17:32:32.566 E/AndroidRuntime(31538): 	at android.os.Looper.loop(Looper.java:342)
10-19 17:32:32.566 E/AndroidRuntime(31538): 	at android.app.ActivityThread.main(ActivityThread.java:9634)
10-19 17:32:32.566 E/AndroidRuntime(31538): 	at java.lang.reflect.Method.invoke(Native Method)
10-19 17:32:32.566 E/AndroidRuntime(31538): 	at com.android.internal.os.RuntimeInit$MethodAndArgsCaller.run(RuntimeInit.java:619)
10-19 17:32:32.566 E/AndroidRuntime(31538): 	at com.android.internal.os.ZygoteInit.main(ZygoteInit.java:929)
10-19 17:32:32.566 E/AndroidRuntime(31538): Caused by: android.content.res.Resources$NotFoundException: Drawable com.sencity:drawable/splash_black_center with resource ID #0x7f070100
10-19 17:32:32.566 E/AndroidRuntime(31538): Caused by: android.content.res.Resources$NotFoundException: File res/drawable/splash_black_center.xml from drawable resource ID #0x7f070100
10-19 17:32:32.566 E/AndroidRuntime(31538): 	at android.content.res.ResourcesImpl.loadDrawableForCookie(ResourcesImpl.java:1080)
10-19 17:32:32.566 E/AndroidRuntime(31538): 	at android.content.res.ResourcesImpl.loadDrawable(ResourcesImpl.java:809)
10-19 17:32:32.566 E/AndroidRuntime(31538): 	at android.content.res.Resources.loadDrawable(Resources.java:1050)
10-19 17:32:32.566 E/AndroidRuntime(31538): 	at android.content.res.TypedArray.getDrawableForDensity(TypedArray.java:1021)
10-19 17:32:32.566 E/AndroidRuntime(31538): 	at android.content.res.TypedArray.getDrawable(TypedArray.java:995)
10-19 17:32:32.566 E/AndroidRuntime(31538): 	at com.android.internal.policy.PhoneWindow.generateLayout(PhoneWindow.java:2931)
10-19 17:32:32.566 E/AndroidRuntime(31538): 	at com.android.internal.policy.PhoneWindow.installDecor(PhoneWindow.java:3084)
10-19 17:32:32.566 E/AndroidRuntime(31538): 	at com.android.internal.policy.PhoneWindow.getDecorView(PhoneWindow.java:2324)
10-19 17:32:32.566 E/AndroidRuntime(31538): 	at androidx.core.splashscreen.SplashScreen$Impl31.install(SplashScreen.kt:428)
10-19 17:32:32.566 E/AndroidRuntime(31538): 	at androidx.core.splashscreen.SplashScreen.install(SplashScreen.kt:189)
10-19 17:32:32.566 E/AndroidRuntime(31538): 	at androidx.core.splashscreen.SplashScreen.access$install(SplashScreen.kt:121)
10-19 17:32:32.566 E/AndroidRuntime(31538): 	at androidx.core.splashscreen.SplashScreen$Companion.installSplashScreen(SplashScreen.kt:146)
10-19 17:32:32.566 E/AndroidRuntime(31538): 	at com.sencity.MainActivity.onCreate(MainActivity.kt:25)
10-19 17:32:32.566 E/AndroidRuntime(31538): 	at android.app.Activity.performCreate(Activity.java:9363)
10-19 17:32:32.566 E/AndroidRuntime(31538): 	at android.app.Activity.performCreate(Activity.java:9332)
10-19 17:32:32.566 E/AndroidRuntime(31538): 	at android.app.Instrumentation.callActivityOnCreate(Instrumentation.java:1526)
10-19 17:32:32.566 E/AndroidRuntime(31538): 	at android.app.ActivityThread.performLaunchActivity(ActivityThread.java:4436)
10-19 17:32:32.566 E/AndroidRuntime(31538): 	at android.app.ActivityThread.handleLaunchActivity(ActivityThread.java:4685)
10-19 17:32:32.566 E/AndroidRuntime(31538): 	at android.app.servertransaction.LaunchActivityItem.execute(LaunchActivityItem.java:112)
10-19 17:32:32.566 E/AndroidRuntime(31538): 	at android.app.servertransaction.TransactionExecutor.executeNonLifecycleItem(TransactionExecutor.java:174)
10-19 17:32:32.566 E/AndroidRuntime(31538): 	at android.app.servertransaction.TransactionExecutor.executeTransactionItems(TransactionExecutor.java:109)
10-19 17:32:32.566 E/AndroidRuntime(31538): 	at android.app.servertransaction.TransactionExecutor.execute(TransactionExecutor.java:81)
10-19 17:32:32.566 E/AndroidRuntime(31538): 	at android.app.ActivityThread$H.handleMessage(ActivityThread.java:2895)
10-19 17:32:32.566 E/AndroidRuntime(31538): 	at android.os.Handler.dispatchMessage(Handler.java:107)
10-19 17:32:32.566 E/AndroidRuntime(31538): 	at android.os.Looper.loopOnce(Looper.java:257)
10-19 17:32:32.566 E/AndroidRuntime(31538): 	at android.os.Looper.loop(Looper.java:342)
10-19 17:32:32.566 E/AndroidRuntime(31538): 	at android.app.ActivityThread.main(ActivityThread.java:9634)
10-19 17:32:32.566 E/AndroidRuntime(31538): 	at java.lang.reflect.Method.invoke(Native Method)
10-19 17:32:32.566 E/AndroidRuntime(31538): 	at com.android.internal.os.RuntimeInit$MethodAndArgsCaller.run(RuntimeInit.java:619)
10-19 17:32:32.566 E/AndroidRuntime(31538): 	at com.android.internal.os.ZygoteInit.main(ZygoteInit.java:929)
10-19 17:32:32.566 E/AndroidRuntime(31538): Caused by: org.xmlpull.v1.XmlPullParserException: Binary XML file line #8: <bitmap> requires a valid 'src' attribute
10-19 17:32:32.566 E/AndroidRuntime(31538): 	at android.graphics.drawable.BitmapDrawable.updateStateFromTypedArray(BitmapDrawable.java:873)
10-19 17:32:32.566 E/AndroidRuntime(31538): 	at android.graphics.drawable.BitmapDrawable.inflate(BitmapDrawable.java:794)
10-19 17:32:32.566 E/AndroidRuntime(31538): 	at android.graphics.drawable.DrawableInflater.inflateFromXmlForDensity(DrawableInflater.java:145)
10-19 17:32:32.566 E/AndroidRuntime(31538): 	at android.graphics.drawable.Drawable.createFromXmlInnerForDensity(Drawable.java:1421)
10-19 17:32:32.566 E/AndroidRuntime(31538): 	at android.graphics.drawable.Drawable.createFromXmlInner(Drawable.java:1411)
10-19 17:32:32.566 E/AndroidRuntime(31538): 	at android.graphics.drawable.LayerDrawable.inflateLayers(LayerDrawable.java:285)
10-19 17:32:32.566 E/AndroidRuntime(31538): 	at android.graphics.drawable.LayerDrawable.inflate(LayerDrawable.java:200)
10-19 17:32:32.566 E/AndroidRuntime(31538): 	at android.graphics.drawable.DrawableInflater.inflateFromXmlForDensity(DrawableInflater.java:145)
10-19 17:32:32.566 E/AndroidRuntime(31538): 	at android.graphics.drawable.Drawable.createFromXmlInnerForDensity(Drawable.java:1421)
10-19 17:32:32.566 E/AndroidRuntime(31538): 	at android.graphics.drawable.Drawable.createFromXmlForDensity(Drawable.java:1382)
10-19 17:32:32.566 E/AndroidRuntime(31538): 	at android.content.res.ResourcesImpl.loadXmlDrawable(ResourcesImpl.java:1112)
10-19 17:32:32.566 E/AndroidRuntime(31538): 	at android.content.res.ResourcesImpl.loadDrawableForCookie(ResourcesImpl.java:1041)
10-19 17:32:32.566 E/AndroidRuntime(31538): 	... 29 more
